<?xml version="1.0" encoding="UTF-8"?>
<!-- Generated by org.testng.reporters.JUnitReportReporter -->
<testsuite hostname="RAHUL-LAPTOP" failures="11" tests="33" name="vbDumplingTestRunners.testHomePage" time="45.451" errors="0" timestamp="18 May 2021 12:33:09 GMT">
  <testcase classname="vbDumplingTestRunners.testHomePage" name="checkLHSHeaderText" time="1.768"/>
  <testcase classname="vbDumplingTestRunners.testHomePage" name="checkMenuFAQLink" time="1.494"/>
  <testcase classname="vbDumplingTestRunners.testHomePage" name="checkTitleText" time="0.286"/>
  <testcase classname="vbDumplingTestRunners.testHomePage" name="checkMenuMenuLink" time="1.356"/>
  <testcase classname="vbDumplingTestRunners.testHomePage" name="checkLHSHeaderText" time="0.876"/>
  <testcase classname="vbDumplingTestRunners.testHomePage" name="checkDescriptionText" time="0.075"/>
  <testcase classname="vbDumplingTestRunners.testHomePage" name="checkMenuTestimonialsLink" time="2.688"/>
  <testcase classname="vbDumplingTestRunners.testHomePage" name="checkHomePageLink" time="0.001">
    <failure message="unknown error: MSEdge failed to start: exited normally.
  (unknown error: DevToolsActivePort file doesn&#039;t exist)
  (The process started from msedge location C:\Program Files (x86)\Microsoft\Edge\Application\msedge.exe is no longer running, so MSEdgeDriver is assuming that MSEdge has crashed.)
Build info: version: &#039;3.141.59&#039;, revision: &#039;e82be7d358&#039;, time: &#039;2018-11-14T08:17:03&#039;
System info: host: &#039;RAHUL-LAPTOP&#039;, ip: &#039;192.168.0.105&#039;, os.name: &#039;Windows 10&#039;, os.arch: &#039;amd64&#039;, os.version: &#039;10.0&#039;, java.version: &#039;11.0.10&#039;
Driver info: driver.version: initializeDriver
remote stacktrace: Backtrace:
	Ordinal0 [0x00007FF6F84D5CB2+4676786]
	Ordinal0 [0x00007FF6F817D677+1169015]
	Ordinal0 [0x00007FF6F81A4346+1327942]
	Ordinal0 [0x00007FF6F819BE29+1293865]
	Ordinal0 [0x00007FF6F81D373B+1521467]
	Ordinal0 [0x00007FF6F81CF2BF+1503935]
	Ordinal0 [0x00007FF6F81A8061+1343585]
	Ordinal0 [0x00007FF6F81A918B+1347979]
	Ordinal0 [0x00007FF6F8250121+2031905]
	Ordinal0 [0x00007FF6F821C73E+1820478]
	Ordinal0 [0x00007FF6F83F3224+3748388]
	Ordinal0 [0x00007FF6F821D10E+1822990]
	Ordinal0 [0x00007FF6F84E8874+4753524]
	Ordinal0 [0x00007FF6F84E8174+4751732]
	Ordinal0 [0x00007FF6F84E7FBA+4751290]
	Ordinal0 [0x00007FF6F84BFFD8+4587480]
	BaseThreadInitThunk [0x00007FFEE4257034+20]
	RtlUserThreadStart [0x00007FFEE54DD0D1+33]
" type="org.openqa.selenium.WebDriverException">
      <![CDATA[org.openqa.selenium.WebDriverException: unknown error: MSEdge failed to start: exited normally.
  (unknown error: DevToolsActivePort file doesn't exist)
  (The process started from msedge location C:\Program Files (x86)\Microsoft\Edge\Application\msedge.exe is no longer running, so MSEdgeDriver is assuming that MSEdge has crashed.)
Build info: version: '3.141.59', revision: 'e82be7d358', time: '2018-11-14T08:17:03'
System info: host: 'RAHUL-LAPTOP', ip: '192.168.0.105', os.name: 'Windows 10', os.arch: 'amd64', os.version: '10.0', java.version: '11.0.10'
Driver info: driver.version: initializeDriver
remote stacktrace: Backtrace:
	Ordinal0 [0x00007FF6F84D5CB2+4676786]
	Ordinal0 [0x00007FF6F817D677+1169015]
	Ordinal0 [0x00007FF6F81A4346+1327942]
	Ordinal0 [0x00007FF6F819BE29+1293865]
	Ordinal0 [0x00007FF6F81D373B+1521467]
	Ordinal0 [0x00007FF6F81CF2BF+1503935]
	Ordinal0 [0x00007FF6F81A8061+1343585]
	Ordinal0 [0x00007FF6F81A918B+1347979]
	Ordinal0 [0x00007FF6F8250121+2031905]
	Ordinal0 [0x00007FF6F821C73E+1820478]
	Ordinal0 [0x00007FF6F83F3224+3748388]
	Ordinal0 [0x00007FF6F821D10E+1822990]
	Ordinal0 [0x00007FF6F84E8874+4753524]
	Ordinal0 [0x00007FF6F84E8174+4751732]
	Ordinal0 [0x00007FF6F84E7FBA+4751290]
	Ordinal0 [0x00007FF6F84BFFD8+4587480]
	BaseThreadInitThunk [0x00007FFEE4257034+20]
	RtlUserThreadStart [0x00007FFEE54DD0D1+33]

	at java.base/jdk.internal.reflect.NativeConstructorAccessorImpl.newInstance0(Native Method)
	at java.base/jdk.internal.reflect.NativeConstructorAccessorImpl.newInstance(NativeConstructorAccessorImpl.java:62)
	at java.base/jdk.internal.reflect.DelegatingConstructorAccessorImpl.newInstance(DelegatingConstructorAccessorImpl.java:45)
	at java.base/java.lang.reflect.Constructor.newInstance(Constructor.java:490)
	at org.openqa.selenium.remote.W3CHandshakeResponse.lambda$errorHandler$0(W3CHandshakeResponse.java:62)
	at org.openqa.selenium.remote.HandshakeResponse.lambda$getResponseFunction$0(HandshakeResponse.java:30)
	at org.openqa.selenium.remote.ProtocolHandshake.lambda$createSession$0(ProtocolHandshake.java:126)
	at java.base/java.util.stream.ReferencePipeline$3$1.accept(ReferencePipeline.java:195)
	at java.base/java.util.Spliterators$ArraySpliterator.tryAdvance(Spliterators.java:958)
	at java.base/java.util.stream.ReferencePipeline.forEachWithCancel(ReferencePipeline.java:127)
	at java.base/java.util.stream.AbstractPipeline.copyIntoWithCancel(AbstractPipeline.java:502)
	at java.base/java.util.stream.AbstractPipeline.copyInto(AbstractPipeline.java:488)
	at java.base/java.util.stream.AbstractPipeline.wrapAndCopyInto(AbstractPipeline.java:474)
	at java.base/java.util.stream.FindOps$FindOp.evaluateSequential(FindOps.java:150)
	at java.base/java.util.stream.AbstractPipeline.evaluate(AbstractPipeline.java:234)
	at java.base/java.util.stream.ReferencePipeline.findFirst(ReferencePipeline.java:543)
	at org.openqa.selenium.remote.ProtocolHandshake.createSession(ProtocolHandshake.java:128)
	at org.openqa.selenium.remote.ProtocolHandshake.createSession(ProtocolHandshake.java:74)
	at org.openqa.selenium.remote.HttpCommandExecutor.execute(HttpCommandExecutor.java:136)
	at org.openqa.selenium.remote.service.DriverCommandExecutor.execute(DriverCommandExecutor.java:83)
	at org.openqa.selenium.remote.RemoteWebDriver.execute(RemoteWebDriver.java:552)
	at org.openqa.selenium.remote.RemoteWebDriver.startSession(RemoteWebDriver.java:213)
	at org.openqa.selenium.remote.RemoteWebDriver.<init>(RemoteWebDriver.java:131)
	at org.openqa.selenium.edge.EdgeDriver.<init>(EdgeDriver.java:141)
	at org.openqa.selenium.edge.EdgeDriver.<init>(EdgeDriver.java:96)
	at vbDumplingTestRunners.initializeDriver.testSetup(initializeDriver.java:24)
	at vbDumplingTestRunners.testHomePage.initDriver(testHomePage.java:34)
	at java.base/jdk.internal.reflect.NativeMethodAccessorImpl.invoke0(Native Method)
	at java.base/jdk.internal.reflect.NativeMethodAccessorImpl.invoke(NativeMethodAccessorImpl.java:62)
	at java.base/jdk.internal.reflect.DelegatingMethodAccessorImpl.invoke(DelegatingMethodAccessorImpl.java:43)
	at java.base/java.lang.reflect.Method.invoke(Method.java:566)
	at org.testng.internal.MethodInvocationHelper.invokeMethod(MethodInvocationHelper.java:80)
	at org.testng.internal.Invoker.invokeConfigurationMethod(Invoker.java:564)
	at org.testng.internal.Invoker.invokeConfigurations(Invoker.java:213)
	at org.testng.internal.Invoker.invokeConfigurations(Invoker.java:138)
	at org.testng.internal.TestMethodWorker.invokeBeforeClassMethods(TestMethodWorker.java:175)
	at org.testng.internal.TestMethodWorker.run(TestMethodWorker.java:107)
	at org.testng.TestRunner.privateRun(TestRunner.java:767)
	at org.testng.TestRunner.run(TestRunner.java:617)
	at org.testng.SuiteRunner.runTest(SuiteRunner.java:334)
	at org.testng.SuiteRunner.runSequentially(SuiteRunner.java:329)
	at org.testng.SuiteRunner.privateRun(SuiteRunner.java:291)
	at org.testng.SuiteRunner.run(SuiteRunner.java:240)
	at org.testng.SuiteRunnerWorker.runSuite(SuiteRunnerWorker.java:52)
	at org.testng.SuiteRunnerWorker.run(SuiteRunnerWorker.java:86)
	at org.testng.TestNG.runSuitesSequentially(TestNG.java:1198)
	at org.testng.TestNG.runSuitesLocally(TestNG.java:1123)
	at org.testng.TestNG.run(TestNG.java:1031)
	at org.testng.remote.AbstractRemoteTestNG.run(AbstractRemoteTestNG.java:115)
	at org.testng.remote.RemoteTestNG.initAndRun(RemoteTestNG.java:251)
	at org.testng.remote.RemoteTestNG.main(RemoteTestNG.java:77)
]]>
    </failure>
  </testcase> <!-- checkHomePageLink -->
  <testcase classname="vbDumplingTestRunners.testHomePage" name="checkMenuHomeLink" time="0.608"/>
  <testcase classname="vbDumplingTestRunners.testHomePage" name="checkMenuHomeLink" time="0.000">
    <failure message="unknown error: MSEdge failed to start: exited normally.
  (unknown error: DevToolsActivePort file doesn&#039;t exist)
  (The process started from msedge location C:\Program Files (x86)\Microsoft\Edge\Application\msedge.exe is no longer running, so MSEdgeDriver is assuming that MSEdge has crashed.)
Build info: version: &#039;3.141.59&#039;, revision: &#039;e82be7d358&#039;, time: &#039;2018-11-14T08:17:03&#039;
System info: host: &#039;RAHUL-LAPTOP&#039;, ip: &#039;192.168.0.105&#039;, os.name: &#039;Windows 10&#039;, os.arch: &#039;amd64&#039;, os.version: &#039;10.0&#039;, java.version: &#039;11.0.10&#039;
Driver info: driver.version: initializeDriver
remote stacktrace: Backtrace:
	Ordinal0 [0x00007FF6F84D5CB2+4676786]
	Ordinal0 [0x00007FF6F817D677+1169015]
	Ordinal0 [0x00007FF6F81A4346+1327942]
	Ordinal0 [0x00007FF6F819BE29+1293865]
	Ordinal0 [0x00007FF6F81D373B+1521467]
	Ordinal0 [0x00007FF6F81CF2BF+1503935]
	Ordinal0 [0x00007FF6F81A8061+1343585]
	Ordinal0 [0x00007FF6F81A918B+1347979]
	Ordinal0 [0x00007FF6F8250121+2031905]
	Ordinal0 [0x00007FF6F821C73E+1820478]
	Ordinal0 [0x00007FF6F83F3224+3748388]
	Ordinal0 [0x00007FF6F821D10E+1822990]
	Ordinal0 [0x00007FF6F84E8874+4753524]
	Ordinal0 [0x00007FF6F84E8174+4751732]
	Ordinal0 [0x00007FF6F84E7FBA+4751290]
	Ordinal0 [0x00007FF6F84BFFD8+4587480]
	BaseThreadInitThunk [0x00007FFEE4257034+20]
	RtlUserThreadStart [0x00007FFEE54DD0D1+33]
" type="org.openqa.selenium.WebDriverException">
      <![CDATA[org.openqa.selenium.WebDriverException: unknown error: MSEdge failed to start: exited normally.
  (unknown error: DevToolsActivePort file doesn't exist)
  (The process started from msedge location C:\Program Files (x86)\Microsoft\Edge\Application\msedge.exe is no longer running, so MSEdgeDriver is assuming that MSEdge has crashed.)
Build info: version: '3.141.59', revision: 'e82be7d358', time: '2018-11-14T08:17:03'
System info: host: 'RAHUL-LAPTOP', ip: '192.168.0.105', os.name: 'Windows 10', os.arch: 'amd64', os.version: '10.0', java.version: '11.0.10'
Driver info: driver.version: initializeDriver
remote stacktrace: Backtrace:
	Ordinal0 [0x00007FF6F84D5CB2+4676786]
	Ordinal0 [0x00007FF6F817D677+1169015]
	Ordinal0 [0x00007FF6F81A4346+1327942]
	Ordinal0 [0x00007FF6F819BE29+1293865]
	Ordinal0 [0x00007FF6F81D373B+1521467]
	Ordinal0 [0x00007FF6F81CF2BF+1503935]
	Ordinal0 [0x00007FF6F81A8061+1343585]
	Ordinal0 [0x00007FF6F81A918B+1347979]
	Ordinal0 [0x00007FF6F8250121+2031905]
	Ordinal0 [0x00007FF6F821C73E+1820478]
	Ordinal0 [0x00007FF6F83F3224+3748388]
	Ordinal0 [0x00007FF6F821D10E+1822990]
	Ordinal0 [0x00007FF6F84E8874+4753524]
	Ordinal0 [0x00007FF6F84E8174+4751732]
	Ordinal0 [0x00007FF6F84E7FBA+4751290]
	Ordinal0 [0x00007FF6F84BFFD8+4587480]
	BaseThreadInitThunk [0x00007FFEE4257034+20]
	RtlUserThreadStart [0x00007FFEE54DD0D1+33]

	at java.base/jdk.internal.reflect.NativeConstructorAccessorImpl.newInstance0(Native Method)
	at java.base/jdk.internal.reflect.NativeConstructorAccessorImpl.newInstance(NativeConstructorAccessorImpl.java:62)
	at java.base/jdk.internal.reflect.DelegatingConstructorAccessorImpl.newInstance(DelegatingConstructorAccessorImpl.java:45)
	at java.base/java.lang.reflect.Constructor.newInstance(Constructor.java:490)
	at org.openqa.selenium.remote.W3CHandshakeResponse.lambda$errorHandler$0(W3CHandshakeResponse.java:62)
	at org.openqa.selenium.remote.HandshakeResponse.lambda$getResponseFunction$0(HandshakeResponse.java:30)
	at org.openqa.selenium.remote.ProtocolHandshake.lambda$createSession$0(ProtocolHandshake.java:126)
	at java.base/java.util.stream.ReferencePipeline$3$1.accept(ReferencePipeline.java:195)
	at java.base/java.util.Spliterators$ArraySpliterator.tryAdvance(Spliterators.java:958)
	at java.base/java.util.stream.ReferencePipeline.forEachWithCancel(ReferencePipeline.java:127)
	at java.base/java.util.stream.AbstractPipeline.copyIntoWithCancel(AbstractPipeline.java:502)
	at java.base/java.util.stream.AbstractPipeline.copyInto(AbstractPipeline.java:488)
	at java.base/java.util.stream.AbstractPipeline.wrapAndCopyInto(AbstractPipeline.java:474)
	at java.base/java.util.stream.FindOps$FindOp.evaluateSequential(FindOps.java:150)
	at java.base/java.util.stream.AbstractPipeline.evaluate(AbstractPipeline.java:234)
	at java.base/java.util.stream.ReferencePipeline.findFirst(ReferencePipeline.java:543)
	at org.openqa.selenium.remote.ProtocolHandshake.createSession(ProtocolHandshake.java:128)
	at org.openqa.selenium.remote.ProtocolHandshake.createSession(ProtocolHandshake.java:74)
	at org.openqa.selenium.remote.HttpCommandExecutor.execute(HttpCommandExecutor.java:136)
	at org.openqa.selenium.remote.service.DriverCommandExecutor.execute(DriverCommandExecutor.java:83)
	at org.openqa.selenium.remote.RemoteWebDriver.execute(RemoteWebDriver.java:552)
	at org.openqa.selenium.remote.RemoteWebDriver.startSession(RemoteWebDriver.java:213)
	at org.openqa.selenium.remote.RemoteWebDriver.<init>(RemoteWebDriver.java:131)
	at org.openqa.selenium.edge.EdgeDriver.<init>(EdgeDriver.java:141)
	at org.openqa.selenium.edge.EdgeDriver.<init>(EdgeDriver.java:96)
	at vbDumplingTestRunners.initializeDriver.testSetup(initializeDriver.java:24)
	at vbDumplingTestRunners.testHomePage.initDriver(testHomePage.java:34)
	at java.base/jdk.internal.reflect.NativeMethodAccessorImpl.invoke0(Native Method)
	at java.base/jdk.internal.reflect.NativeMethodAccessorImpl.invoke(NativeMethodAccessorImpl.java:62)
	at java.base/jdk.internal.reflect.DelegatingMethodAccessorImpl.invoke(DelegatingMethodAccessorImpl.java:43)
	at java.base/java.lang.reflect.Method.invoke(Method.java:566)
	at org.testng.internal.MethodInvocationHelper.invokeMethod(MethodInvocationHelper.java:80)
	at org.testng.internal.Invoker.invokeConfigurationMethod(Invoker.java:564)
	at org.testng.internal.Invoker.invokeConfigurations(Invoker.java:213)
	at org.testng.internal.Invoker.invokeConfigurations(Invoker.java:138)
	at org.testng.internal.TestMethodWorker.invokeBeforeClassMethods(TestMethodWorker.java:175)
	at org.testng.internal.TestMethodWorker.run(TestMethodWorker.java:107)
	at org.testng.TestRunner.privateRun(TestRunner.java:767)
	at org.testng.TestRunner.run(TestRunner.java:617)
	at org.testng.SuiteRunner.runTest(SuiteRunner.java:334)
	at org.testng.SuiteRunner.runSequentially(SuiteRunner.java:329)
	at org.testng.SuiteRunner.privateRun(SuiteRunner.java:291)
	at org.testng.SuiteRunner.run(SuiteRunner.java:240)
	at org.testng.SuiteRunnerWorker.runSuite(SuiteRunnerWorker.java:52)
	at org.testng.SuiteRunnerWorker.run(SuiteRunnerWorker.java:86)
	at org.testng.TestNG.runSuitesSequentially(TestNG.java:1198)
	at org.testng.TestNG.runSuitesLocally(TestNG.java:1123)
	at org.testng.TestNG.run(TestNG.java:1031)
	at org.testng.remote.AbstractRemoteTestNG.run(AbstractRemoteTestNG.java:115)
	at org.testng.remote.RemoteTestNG.initAndRun(RemoteTestNG.java:251)
	at org.testng.remote.RemoteTestNG.main(RemoteTestNG.java:77)
]]>
    </failure>
  </testcase> <!-- checkMenuHomeLink -->
  <testcase classname="vbDumplingTestRunners.testHomePage" name="checkHomePageLink" time="1.332"/>
  <testcase classname="vbDumplingTestRunners.testHomePage" name="checkMenuFAQLink" time="2.210"/>
  <testcase classname="vbDumplingTestRunners.testHomePage" name="checkMenuMenuLink" time="4.051"/>
  <testcase classname="vbDumplingTestRunners.testHomePage" name="checkBodyOrderNowLink" time="0.000">
    <failure message="unknown error: MSEdge failed to start: exited normally.
  (unknown error: DevToolsActivePort file doesn&#039;t exist)
  (The process started from msedge location C:\Program Files (x86)\Microsoft\Edge\Application\msedge.exe is no longer running, so MSEdgeDriver is assuming that MSEdge has crashed.)
Build info: version: &#039;3.141.59&#039;, revision: &#039;e82be7d358&#039;, time: &#039;2018-11-14T08:17:03&#039;
System info: host: &#039;RAHUL-LAPTOP&#039;, ip: &#039;192.168.0.105&#039;, os.name: &#039;Windows 10&#039;, os.arch: &#039;amd64&#039;, os.version: &#039;10.0&#039;, java.version: &#039;11.0.10&#039;
Driver info: driver.version: initializeDriver
remote stacktrace: Backtrace:
	Ordinal0 [0x00007FF6F84D5CB2+4676786]
	Ordinal0 [0x00007FF6F817D677+1169015]
	Ordinal0 [0x00007FF6F81A4346+1327942]
	Ordinal0 [0x00007FF6F819BE29+1293865]
	Ordinal0 [0x00007FF6F81D373B+1521467]
	Ordinal0 [0x00007FF6F81CF2BF+1503935]
	Ordinal0 [0x00007FF6F81A8061+1343585]
	Ordinal0 [0x00007FF6F81A918B+1347979]
	Ordinal0 [0x00007FF6F8250121+2031905]
	Ordinal0 [0x00007FF6F821C73E+1820478]
	Ordinal0 [0x00007FF6F83F3224+3748388]
	Ordinal0 [0x00007FF6F821D10E+1822990]
	Ordinal0 [0x00007FF6F84E8874+4753524]
	Ordinal0 [0x00007FF6F84E8174+4751732]
	Ordinal0 [0x00007FF6F84E7FBA+4751290]
	Ordinal0 [0x00007FF6F84BFFD8+4587480]
	BaseThreadInitThunk [0x00007FFEE4257034+20]
	RtlUserThreadStart [0x00007FFEE54DD0D1+33]
" type="org.openqa.selenium.WebDriverException">
      <![CDATA[org.openqa.selenium.WebDriverException: unknown error: MSEdge failed to start: exited normally.
  (unknown error: DevToolsActivePort file doesn't exist)
  (The process started from msedge location C:\Program Files (x86)\Microsoft\Edge\Application\msedge.exe is no longer running, so MSEdgeDriver is assuming that MSEdge has crashed.)
Build info: version: '3.141.59', revision: 'e82be7d358', time: '2018-11-14T08:17:03'
System info: host: 'RAHUL-LAPTOP', ip: '192.168.0.105', os.name: 'Windows 10', os.arch: 'amd64', os.version: '10.0', java.version: '11.0.10'
Driver info: driver.version: initializeDriver
remote stacktrace: Backtrace:
	Ordinal0 [0x00007FF6F84D5CB2+4676786]
	Ordinal0 [0x00007FF6F817D677+1169015]
	Ordinal0 [0x00007FF6F81A4346+1327942]
	Ordinal0 [0x00007FF6F819BE29+1293865]
	Ordinal0 [0x00007FF6F81D373B+1521467]
	Ordinal0 [0x00007FF6F81CF2BF+1503935]
	Ordinal0 [0x00007FF6F81A8061+1343585]
	Ordinal0 [0x00007FF6F81A918B+1347979]
	Ordinal0 [0x00007FF6F8250121+2031905]
	Ordinal0 [0x00007FF6F821C73E+1820478]
	Ordinal0 [0x00007FF6F83F3224+3748388]
	Ordinal0 [0x00007FF6F821D10E+1822990]
	Ordinal0 [0x00007FF6F84E8874+4753524]
	Ordinal0 [0x00007FF6F84E8174+4751732]
	Ordinal0 [0x00007FF6F84E7FBA+4751290]
	Ordinal0 [0x00007FF6F84BFFD8+4587480]
	BaseThreadInitThunk [0x00007FFEE4257034+20]
	RtlUserThreadStart [0x00007FFEE54DD0D1+33]

	at java.base/jdk.internal.reflect.NativeConstructorAccessorImpl.newInstance0(Native Method)
	at java.base/jdk.internal.reflect.NativeConstructorAccessorImpl.newInstance(NativeConstructorAccessorImpl.java:62)
	at java.base/jdk.internal.reflect.DelegatingConstructorAccessorImpl.newInstance(DelegatingConstructorAccessorImpl.java:45)
	at java.base/java.lang.reflect.Constructor.newInstance(Constructor.java:490)
	at org.openqa.selenium.remote.W3CHandshakeResponse.lambda$errorHandler$0(W3CHandshakeResponse.java:62)
	at org.openqa.selenium.remote.HandshakeResponse.lambda$getResponseFunction$0(HandshakeResponse.java:30)
	at org.openqa.selenium.remote.ProtocolHandshake.lambda$createSession$0(ProtocolHandshake.java:126)
	at java.base/java.util.stream.ReferencePipeline$3$1.accept(ReferencePipeline.java:195)
	at java.base/java.util.Spliterators$ArraySpliterator.tryAdvance(Spliterators.java:958)
	at java.base/java.util.stream.ReferencePipeline.forEachWithCancel(ReferencePipeline.java:127)
	at java.base/java.util.stream.AbstractPipeline.copyIntoWithCancel(AbstractPipeline.java:502)
	at java.base/java.util.stream.AbstractPipeline.copyInto(AbstractPipeline.java:488)
	at java.base/java.util.stream.AbstractPipeline.wrapAndCopyInto(AbstractPipeline.java:474)
	at java.base/java.util.stream.FindOps$FindOp.evaluateSequential(FindOps.java:150)
	at java.base/java.util.stream.AbstractPipeline.evaluate(AbstractPipeline.java:234)
	at java.base/java.util.stream.ReferencePipeline.findFirst(ReferencePipeline.java:543)
	at org.openqa.selenium.remote.ProtocolHandshake.createSession(ProtocolHandshake.java:128)
	at org.openqa.selenium.remote.ProtocolHandshake.createSession(ProtocolHandshake.java:74)
	at org.openqa.selenium.remote.HttpCommandExecutor.execute(HttpCommandExecutor.java:136)
	at org.openqa.selenium.remote.service.DriverCommandExecutor.execute(DriverCommandExecutor.java:83)
	at org.openqa.selenium.remote.RemoteWebDriver.execute(RemoteWebDriver.java:552)
	at org.openqa.selenium.remote.RemoteWebDriver.startSession(RemoteWebDriver.java:213)
	at org.openqa.selenium.remote.RemoteWebDriver.<init>(RemoteWebDriver.java:131)
	at org.openqa.selenium.edge.EdgeDriver.<init>(EdgeDriver.java:141)
	at org.openqa.selenium.edge.EdgeDriver.<init>(EdgeDriver.java:96)
	at vbDumplingTestRunners.initializeDriver.testSetup(initializeDriver.java:24)
	at vbDumplingTestRunners.testHomePage.initDriver(testHomePage.java:34)
	at java.base/jdk.internal.reflect.NativeMethodAccessorImpl.invoke0(Native Method)
	at java.base/jdk.internal.reflect.NativeMethodAccessorImpl.invoke(NativeMethodAccessorImpl.java:62)
	at java.base/jdk.internal.reflect.DelegatingMethodAccessorImpl.invoke(DelegatingMethodAccessorImpl.java:43)
	at java.base/java.lang.reflect.Method.invoke(Method.java:566)
	at org.testng.internal.MethodInvocationHelper.invokeMethod(MethodInvocationHelper.java:80)
	at org.testng.internal.Invoker.invokeConfigurationMethod(Invoker.java:564)
	at org.testng.internal.Invoker.invokeConfigurations(Invoker.java:213)
	at org.testng.internal.Invoker.invokeConfigurations(Invoker.java:138)
	at org.testng.internal.TestMethodWorker.invokeBeforeClassMethods(TestMethodWorker.java:175)
	at org.testng.internal.TestMethodWorker.run(TestMethodWorker.java:107)
	at org.testng.TestRunner.privateRun(TestRunner.java:767)
	at org.testng.TestRunner.run(TestRunner.java:617)
	at org.testng.SuiteRunner.runTest(SuiteRunner.java:334)
	at org.testng.SuiteRunner.runSequentially(SuiteRunner.java:329)
	at org.testng.SuiteRunner.privateRun(SuiteRunner.java:291)
	at org.testng.SuiteRunner.run(SuiteRunner.java:240)
	at org.testng.SuiteRunnerWorker.runSuite(SuiteRunnerWorker.java:52)
	at org.testng.SuiteRunnerWorker.run(SuiteRunnerWorker.java:86)
	at org.testng.TestNG.runSuitesSequentially(TestNG.java:1198)
	at org.testng.TestNG.runSuitesLocally(TestNG.java:1123)
	at org.testng.TestNG.run(TestNG.java:1031)
	at org.testng.remote.AbstractRemoteTestNG.run(AbstractRemoteTestNG.java:115)
	at org.testng.remote.RemoteTestNG.initAndRun(RemoteTestNG.java:251)
	at org.testng.remote.RemoteTestNG.main(RemoteTestNG.java:77)
]]>
    </failure>
  </testcase> <!-- checkBodyOrderNowLink -->
  <testcase classname="vbDumplingTestRunners.testHomePage" name="checkMenuOrderLink" time="8.589"/>
  <testcase classname="vbDumplingTestRunners.testHomePage" name="checkBodyOrderNowLink" time="4.563"/>
  <testcase classname="vbDumplingTestRunners.testHomePage" name="checkMenuAboutLink" time="1.388"/>
  <testcase classname="vbDumplingTestRunners.testHomePage" name="checkTitleText" time="0.000">
    <failure message="unknown error: MSEdge failed to start: exited normally.
  (unknown error: DevToolsActivePort file doesn&#039;t exist)
  (The process started from msedge location C:\Program Files (x86)\Microsoft\Edge\Application\msedge.exe is no longer running, so MSEdgeDriver is assuming that MSEdge has crashed.)
Build info: version: &#039;3.141.59&#039;, revision: &#039;e82be7d358&#039;, time: &#039;2018-11-14T08:17:03&#039;
System info: host: &#039;RAHUL-LAPTOP&#039;, ip: &#039;192.168.0.105&#039;, os.name: &#039;Windows 10&#039;, os.arch: &#039;amd64&#039;, os.version: &#039;10.0&#039;, java.version: &#039;11.0.10&#039;
Driver info: driver.version: initializeDriver
remote stacktrace: Backtrace:
	Ordinal0 [0x00007FF6F84D5CB2+4676786]
	Ordinal0 [0x00007FF6F817D677+1169015]
	Ordinal0 [0x00007FF6F81A4346+1327942]
	Ordinal0 [0x00007FF6F819BE29+1293865]
	Ordinal0 [0x00007FF6F81D373B+1521467]
	Ordinal0 [0x00007FF6F81CF2BF+1503935]
	Ordinal0 [0x00007FF6F81A8061+1343585]
	Ordinal0 [0x00007FF6F81A918B+1347979]
	Ordinal0 [0x00007FF6F8250121+2031905]
	Ordinal0 [0x00007FF6F821C73E+1820478]
	Ordinal0 [0x00007FF6F83F3224+3748388]
	Ordinal0 [0x00007FF6F821D10E+1822990]
	Ordinal0 [0x00007FF6F84E8874+4753524]
	Ordinal0 [0x00007FF6F84E8174+4751732]
	Ordinal0 [0x00007FF6F84E7FBA+4751290]
	Ordinal0 [0x00007FF6F84BFFD8+4587480]
	BaseThreadInitThunk [0x00007FFEE4257034+20]
	RtlUserThreadStart [0x00007FFEE54DD0D1+33]
" type="org.openqa.selenium.WebDriverException">
      <![CDATA[org.openqa.selenium.WebDriverException: unknown error: MSEdge failed to start: exited normally.
  (unknown error: DevToolsActivePort file doesn't exist)
  (The process started from msedge location C:\Program Files (x86)\Microsoft\Edge\Application\msedge.exe is no longer running, so MSEdgeDriver is assuming that MSEdge has crashed.)
Build info: version: '3.141.59', revision: 'e82be7d358', time: '2018-11-14T08:17:03'
System info: host: 'RAHUL-LAPTOP', ip: '192.168.0.105', os.name: 'Windows 10', os.arch: 'amd64', os.version: '10.0', java.version: '11.0.10'
Driver info: driver.version: initializeDriver
remote stacktrace: Backtrace:
	Ordinal0 [0x00007FF6F84D5CB2+4676786]
	Ordinal0 [0x00007FF6F817D677+1169015]
	Ordinal0 [0x00007FF6F81A4346+1327942]
	Ordinal0 [0x00007FF6F819BE29+1293865]
	Ordinal0 [0x00007FF6F81D373B+1521467]
	Ordinal0 [0x00007FF6F81CF2BF+1503935]
	Ordinal0 [0x00007FF6F81A8061+1343585]
	Ordinal0 [0x00007FF6F81A918B+1347979]
	Ordinal0 [0x00007FF6F8250121+2031905]
	Ordinal0 [0x00007FF6F821C73E+1820478]
	Ordinal0 [0x00007FF6F83F3224+3748388]
	Ordinal0 [0x00007FF6F821D10E+1822990]
	Ordinal0 [0x00007FF6F84E8874+4753524]
	Ordinal0 [0x00007FF6F84E8174+4751732]
	Ordinal0 [0x00007FF6F84E7FBA+4751290]
	Ordinal0 [0x00007FF6F84BFFD8+4587480]
	BaseThreadInitThunk [0x00007FFEE4257034+20]
	RtlUserThreadStart [0x00007FFEE54DD0D1+33]

	at java.base/jdk.internal.reflect.NativeConstructorAccessorImpl.newInstance0(Native Method)
	at java.base/jdk.internal.reflect.NativeConstructorAccessorImpl.newInstance(NativeConstructorAccessorImpl.java:62)
	at java.base/jdk.internal.reflect.DelegatingConstructorAccessorImpl.newInstance(DelegatingConstructorAccessorImpl.java:45)
	at java.base/java.lang.reflect.Constructor.newInstance(Constructor.java:490)
	at org.openqa.selenium.remote.W3CHandshakeResponse.lambda$errorHandler$0(W3CHandshakeResponse.java:62)
	at org.openqa.selenium.remote.HandshakeResponse.lambda$getResponseFunction$0(HandshakeResponse.java:30)
	at org.openqa.selenium.remote.ProtocolHandshake.lambda$createSession$0(ProtocolHandshake.java:126)
	at java.base/java.util.stream.ReferencePipeline$3$1.accept(ReferencePipeline.java:195)
	at java.base/java.util.Spliterators$ArraySpliterator.tryAdvance(Spliterators.java:958)
	at java.base/java.util.stream.ReferencePipeline.forEachWithCancel(ReferencePipeline.java:127)
	at java.base/java.util.stream.AbstractPipeline.copyIntoWithCancel(AbstractPipeline.java:502)
	at java.base/java.util.stream.AbstractPipeline.copyInto(AbstractPipeline.java:488)
	at java.base/java.util.stream.AbstractPipeline.wrapAndCopyInto(AbstractPipeline.java:474)
	at java.base/java.util.stream.FindOps$FindOp.evaluateSequential(FindOps.java:150)
	at java.base/java.util.stream.AbstractPipeline.evaluate(AbstractPipeline.java:234)
	at java.base/java.util.stream.ReferencePipeline.findFirst(ReferencePipeline.java:543)
	at org.openqa.selenium.remote.ProtocolHandshake.createSession(ProtocolHandshake.java:128)
	at org.openqa.selenium.remote.ProtocolHandshake.createSession(ProtocolHandshake.java:74)
	at org.openqa.selenium.remote.HttpCommandExecutor.execute(HttpCommandExecutor.java:136)
	at org.openqa.selenium.remote.service.DriverCommandExecutor.execute(DriverCommandExecutor.java:83)
	at org.openqa.selenium.remote.RemoteWebDriver.execute(RemoteWebDriver.java:552)
	at org.openqa.selenium.remote.RemoteWebDriver.startSession(RemoteWebDriver.java:213)
	at org.openqa.selenium.remote.RemoteWebDriver.<init>(RemoteWebDriver.java:131)
	at org.openqa.selenium.edge.EdgeDriver.<init>(EdgeDriver.java:141)
	at org.openqa.selenium.edge.EdgeDriver.<init>(EdgeDriver.java:96)
	at vbDumplingTestRunners.initializeDriver.testSetup(initializeDriver.java:24)
	at vbDumplingTestRunners.testHomePage.initDriver(testHomePage.java:34)
	at java.base/jdk.internal.reflect.NativeMethodAccessorImpl.invoke0(Native Method)
	at java.base/jdk.internal.reflect.NativeMethodAccessorImpl.invoke(NativeMethodAccessorImpl.java:62)
	at java.base/jdk.internal.reflect.DelegatingMethodAccessorImpl.invoke(DelegatingMethodAccessorImpl.java:43)
	at java.base/java.lang.reflect.Method.invoke(Method.java:566)
	at org.testng.internal.MethodInvocationHelper.invokeMethod(MethodInvocationHelper.java:80)
	at org.testng.internal.Invoker.invokeConfigurationMethod(Invoker.java:564)
	at org.testng.internal.Invoker.invokeConfigurations(Invoker.java:213)
	at org.testng.internal.Invoker.invokeConfigurations(Invoker.java:138)
	at org.testng.internal.TestMethodWorker.invokeBeforeClassMethods(TestMethodWorker.java:175)
	at org.testng.internal.TestMethodWorker.run(TestMethodWorker.java:107)
	at org.testng.TestRunner.privateRun(TestRunner.java:767)
	at org.testng.TestRunner.run(TestRunner.java:617)
	at org.testng.SuiteRunner.runTest(SuiteRunner.java:334)
	at org.testng.SuiteRunner.runSequentially(SuiteRunner.java:329)
	at org.testng.SuiteRunner.privateRun(SuiteRunner.java:291)
	at org.testng.SuiteRunner.run(SuiteRunner.java:240)
	at org.testng.SuiteRunnerWorker.runSuite(SuiteRunnerWorker.java:52)
	at org.testng.SuiteRunnerWorker.run(SuiteRunnerWorker.java:86)
	at org.testng.TestNG.runSuitesSequentially(TestNG.java:1198)
	at org.testng.TestNG.runSuitesLocally(TestNG.java:1123)
	at org.testng.TestNG.run(TestNG.java:1031)
	at org.testng.remote.AbstractRemoteTestNG.run(AbstractRemoteTestNG.java:115)
	at org.testng.remote.RemoteTestNG.initAndRun(RemoteTestNG.java:251)
	at org.testng.remote.RemoteTestNG.main(RemoteTestNG.java:77)
]]>
    </failure>
  </testcase> <!-- checkTitleText -->
  <testcase classname="vbDumplingTestRunners.testHomePage" name="checkMenuAboutLink" time="0.000">
    <failure message="unknown error: MSEdge failed to start: exited normally.
  (unknown error: DevToolsActivePort file doesn&#039;t exist)
  (The process started from msedge location C:\Program Files (x86)\Microsoft\Edge\Application\msedge.exe is no longer running, so MSEdgeDriver is assuming that MSEdge has crashed.)
Build info: version: &#039;3.141.59&#039;, revision: &#039;e82be7d358&#039;, time: &#039;2018-11-14T08:17:03&#039;
System info: host: &#039;RAHUL-LAPTOP&#039;, ip: &#039;192.168.0.105&#039;, os.name: &#039;Windows 10&#039;, os.arch: &#039;amd64&#039;, os.version: &#039;10.0&#039;, java.version: &#039;11.0.10&#039;
Driver info: driver.version: initializeDriver
remote stacktrace: Backtrace:
	Ordinal0 [0x00007FF6F84D5CB2+4676786]
	Ordinal0 [0x00007FF6F817D677+1169015]
	Ordinal0 [0x00007FF6F81A4346+1327942]
	Ordinal0 [0x00007FF6F819BE29+1293865]
	Ordinal0 [0x00007FF6F81D373B+1521467]
	Ordinal0 [0x00007FF6F81CF2BF+1503935]
	Ordinal0 [0x00007FF6F81A8061+1343585]
	Ordinal0 [0x00007FF6F81A918B+1347979]
	Ordinal0 [0x00007FF6F8250121+2031905]
	Ordinal0 [0x00007FF6F821C73E+1820478]
	Ordinal0 [0x00007FF6F83F3224+3748388]
	Ordinal0 [0x00007FF6F821D10E+1822990]
	Ordinal0 [0x00007FF6F84E8874+4753524]
	Ordinal0 [0x00007FF6F84E8174+4751732]
	Ordinal0 [0x00007FF6F84E7FBA+4751290]
	Ordinal0 [0x00007FF6F84BFFD8+4587480]
	BaseThreadInitThunk [0x00007FFEE4257034+20]
	RtlUserThreadStart [0x00007FFEE54DD0D1+33]
" type="org.openqa.selenium.WebDriverException">
      <![CDATA[org.openqa.selenium.WebDriverException: unknown error: MSEdge failed to start: exited normally.
  (unknown error: DevToolsActivePort file doesn't exist)
  (The process started from msedge location C:\Program Files (x86)\Microsoft\Edge\Application\msedge.exe is no longer running, so MSEdgeDriver is assuming that MSEdge has crashed.)
Build info: version: '3.141.59', revision: 'e82be7d358', time: '2018-11-14T08:17:03'
System info: host: 'RAHUL-LAPTOP', ip: '192.168.0.105', os.name: 'Windows 10', os.arch: 'amd64', os.version: '10.0', java.version: '11.0.10'
Driver info: driver.version: initializeDriver
remote stacktrace: Backtrace:
	Ordinal0 [0x00007FF6F84D5CB2+4676786]
	Ordinal0 [0x00007FF6F817D677+1169015]
	Ordinal0 [0x00007FF6F81A4346+1327942]
	Ordinal0 [0x00007FF6F819BE29+1293865]
	Ordinal0 [0x00007FF6F81D373B+1521467]
	Ordinal0 [0x00007FF6F81CF2BF+1503935]
	Ordinal0 [0x00007FF6F81A8061+1343585]
	Ordinal0 [0x00007FF6F81A918B+1347979]
	Ordinal0 [0x00007FF6F8250121+2031905]
	Ordinal0 [0x00007FF6F821C73E+1820478]
	Ordinal0 [0x00007FF6F83F3224+3748388]
	Ordinal0 [0x00007FF6F821D10E+1822990]
	Ordinal0 [0x00007FF6F84E8874+4753524]
	Ordinal0 [0x00007FF6F84E8174+4751732]
	Ordinal0 [0x00007FF6F84E7FBA+4751290]
	Ordinal0 [0x00007FF6F84BFFD8+4587480]
	BaseThreadInitThunk [0x00007FFEE4257034+20]
	RtlUserThreadStart [0x00007FFEE54DD0D1+33]

	at java.base/jdk.internal.reflect.NativeConstructorAccessorImpl.newInstance0(Native Method)
	at java.base/jdk.internal.reflect.NativeConstructorAccessorImpl.newInstance(NativeConstructorAccessorImpl.java:62)
	at java.base/jdk.internal.reflect.DelegatingConstructorAccessorImpl.newInstance(DelegatingConstructorAccessorImpl.java:45)
	at java.base/java.lang.reflect.Constructor.newInstance(Constructor.java:490)
	at org.openqa.selenium.remote.W3CHandshakeResponse.lambda$errorHandler$0(W3CHandshakeResponse.java:62)
	at org.openqa.selenium.remote.HandshakeResponse.lambda$getResponseFunction$0(HandshakeResponse.java:30)
	at org.openqa.selenium.remote.ProtocolHandshake.lambda$createSession$0(ProtocolHandshake.java:126)
	at java.base/java.util.stream.ReferencePipeline$3$1.accept(ReferencePipeline.java:195)
	at java.base/java.util.Spliterators$ArraySpliterator.tryAdvance(Spliterators.java:958)
	at java.base/java.util.stream.ReferencePipeline.forEachWithCancel(ReferencePipeline.java:127)
	at java.base/java.util.stream.AbstractPipeline.copyIntoWithCancel(AbstractPipeline.java:502)
	at java.base/java.util.stream.AbstractPipeline.copyInto(AbstractPipeline.java:488)
	at java.base/java.util.stream.AbstractPipeline.wrapAndCopyInto(AbstractPipeline.java:474)
	at java.base/java.util.stream.FindOps$FindOp.evaluateSequential(FindOps.java:150)
	at java.base/java.util.stream.AbstractPipeline.evaluate(AbstractPipeline.java:234)
	at java.base/java.util.stream.ReferencePipeline.findFirst(ReferencePipeline.java:543)
	at org.openqa.selenium.remote.ProtocolHandshake.createSession(ProtocolHandshake.java:128)
	at org.openqa.selenium.remote.ProtocolHandshake.createSession(ProtocolHandshake.java:74)
	at org.openqa.selenium.remote.HttpCommandExecutor.execute(HttpCommandExecutor.java:136)
	at org.openqa.selenium.remote.service.DriverCommandExecutor.execute(DriverCommandExecutor.java:83)
	at org.openqa.selenium.remote.RemoteWebDriver.execute(RemoteWebDriver.java:552)
	at org.openqa.selenium.remote.RemoteWebDriver.startSession(RemoteWebDriver.java:213)
	at org.openqa.selenium.remote.RemoteWebDriver.<init>(RemoteWebDriver.java:131)
	at org.openqa.selenium.edge.EdgeDriver.<init>(EdgeDriver.java:141)
	at org.openqa.selenium.edge.EdgeDriver.<init>(EdgeDriver.java:96)
	at vbDumplingTestRunners.initializeDriver.testSetup(initializeDriver.java:24)
	at vbDumplingTestRunners.testHomePage.initDriver(testHomePage.java:34)
	at java.base/jdk.internal.reflect.NativeMethodAccessorImpl.invoke0(Native Method)
	at java.base/jdk.internal.reflect.NativeMethodAccessorImpl.invoke(NativeMethodAccessorImpl.java:62)
	at java.base/jdk.internal.reflect.DelegatingMethodAccessorImpl.invoke(DelegatingMethodAccessorImpl.java:43)
	at java.base/java.lang.reflect.Method.invoke(Method.java:566)
	at org.testng.internal.MethodInvocationHelper.invokeMethod(MethodInvocationHelper.java:80)
	at org.testng.internal.Invoker.invokeConfigurationMethod(Invoker.java:564)
	at org.testng.internal.Invoker.invokeConfigurations(Invoker.java:213)
	at org.testng.internal.Invoker.invokeConfigurations(Invoker.java:138)
	at org.testng.internal.TestMethodWorker.invokeBeforeClassMethods(TestMethodWorker.java:175)
	at org.testng.internal.TestMethodWorker.run(TestMethodWorker.java:107)
	at org.testng.TestRunner.privateRun(TestRunner.java:767)
	at org.testng.TestRunner.run(TestRunner.java:617)
	at org.testng.SuiteRunner.runTest(SuiteRunner.java:334)
	at org.testng.SuiteRunner.runSequentially(SuiteRunner.java:329)
	at org.testng.SuiteRunner.privateRun(SuiteRunner.java:291)
	at org.testng.SuiteRunner.run(SuiteRunner.java:240)
	at org.testng.SuiteRunnerWorker.runSuite(SuiteRunnerWorker.java:52)
	at org.testng.SuiteRunnerWorker.run(SuiteRunnerWorker.java:86)
	at org.testng.TestNG.runSuitesSequentially(TestNG.java:1198)
	at org.testng.TestNG.runSuitesLocally(TestNG.java:1123)
	at org.testng.TestNG.run(TestNG.java:1031)
	at org.testng.remote.AbstractRemoteTestNG.run(AbstractRemoteTestNG.java:115)
	at org.testng.remote.RemoteTestNG.initAndRun(RemoteTestNG.java:251)
	at org.testng.remote.RemoteTestNG.main(RemoteTestNG.java:77)
]]>
    </failure>
  </testcase> <!-- checkMenuAboutLink -->
  <testcase classname="vbDumplingTestRunners.testHomePage" name="checkMenuOrderLink" time="3.415"/>
  <testcase classname="vbDumplingTestRunners.testHomePage" name="checkMenuTestimonialsLink" time="0.001">
    <failure message="unknown error: MSEdge failed to start: exited normally.
  (unknown error: DevToolsActivePort file doesn&#039;t exist)
  (The process started from msedge location C:\Program Files (x86)\Microsoft\Edge\Application\msedge.exe is no longer running, so MSEdgeDriver is assuming that MSEdge has crashed.)
Build info: version: &#039;3.141.59&#039;, revision: &#039;e82be7d358&#039;, time: &#039;2018-11-14T08:17:03&#039;
System info: host: &#039;RAHUL-LAPTOP&#039;, ip: &#039;192.168.0.105&#039;, os.name: &#039;Windows 10&#039;, os.arch: &#039;amd64&#039;, os.version: &#039;10.0&#039;, java.version: &#039;11.0.10&#039;
Driver info: driver.version: initializeDriver
remote stacktrace: Backtrace:
	Ordinal0 [0x00007FF6F84D5CB2+4676786]
	Ordinal0 [0x00007FF6F817D677+1169015]
	Ordinal0 [0x00007FF6F81A4346+1327942]
	Ordinal0 [0x00007FF6F819BE29+1293865]
	Ordinal0 [0x00007FF6F81D373B+1521467]
	Ordinal0 [0x00007FF6F81CF2BF+1503935]
	Ordinal0 [0x00007FF6F81A8061+1343585]
	Ordinal0 [0x00007FF6F81A918B+1347979]
	Ordinal0 [0x00007FF6F8250121+2031905]
	Ordinal0 [0x00007FF6F821C73E+1820478]
	Ordinal0 [0x00007FF6F83F3224+3748388]
	Ordinal0 [0x00007FF6F821D10E+1822990]
	Ordinal0 [0x00007FF6F84E8874+4753524]
	Ordinal0 [0x00007FF6F84E8174+4751732]
	Ordinal0 [0x00007FF6F84E7FBA+4751290]
	Ordinal0 [0x00007FF6F84BFFD8+4587480]
	BaseThreadInitThunk [0x00007FFEE4257034+20]
	RtlUserThreadStart [0x00007FFEE54DD0D1+33]
" type="org.openqa.selenium.WebDriverException">
      <![CDATA[org.openqa.selenium.WebDriverException: unknown error: MSEdge failed to start: exited normally.
  (unknown error: DevToolsActivePort file doesn't exist)
  (The process started from msedge location C:\Program Files (x86)\Microsoft\Edge\Application\msedge.exe is no longer running, so MSEdgeDriver is assuming that MSEdge has crashed.)
Build info: version: '3.141.59', revision: 'e82be7d358', time: '2018-11-14T08:17:03'
System info: host: 'RAHUL-LAPTOP', ip: '192.168.0.105', os.name: 'Windows 10', os.arch: 'amd64', os.version: '10.0', java.version: '11.0.10'
Driver info: driver.version: initializeDriver
remote stacktrace: Backtrace:
	Ordinal0 [0x00007FF6F84D5CB2+4676786]
	Ordinal0 [0x00007FF6F817D677+1169015]
	Ordinal0 [0x00007FF6F81A4346+1327942]
	Ordinal0 [0x00007FF6F819BE29+1293865]
	Ordinal0 [0x00007FF6F81D373B+1521467]
	Ordinal0 [0x00007FF6F81CF2BF+1503935]
	Ordinal0 [0x00007FF6F81A8061+1343585]
	Ordinal0 [0x00007FF6F81A918B+1347979]
	Ordinal0 [0x00007FF6F8250121+2031905]
	Ordinal0 [0x00007FF6F821C73E+1820478]
	Ordinal0 [0x00007FF6F83F3224+3748388]
	Ordinal0 [0x00007FF6F821D10E+1822990]
	Ordinal0 [0x00007FF6F84E8874+4753524]
	Ordinal0 [0x00007FF6F84E8174+4751732]
	Ordinal0 [0x00007FF6F84E7FBA+4751290]
	Ordinal0 [0x00007FF6F84BFFD8+4587480]
	BaseThreadInitThunk [0x00007FFEE4257034+20]
	RtlUserThreadStart [0x00007FFEE54DD0D1+33]

	at java.base/jdk.internal.reflect.NativeConstructorAccessorImpl.newInstance0(Native Method)
	at java.base/jdk.internal.reflect.NativeConstructorAccessorImpl.newInstance(NativeConstructorAccessorImpl.java:62)
	at java.base/jdk.internal.reflect.DelegatingConstructorAccessorImpl.newInstance(DelegatingConstructorAccessorImpl.java:45)
	at java.base/java.lang.reflect.Constructor.newInstance(Constructor.java:490)
	at org.openqa.selenium.remote.W3CHandshakeResponse.lambda$errorHandler$0(W3CHandshakeResponse.java:62)
	at org.openqa.selenium.remote.HandshakeResponse.lambda$getResponseFunction$0(HandshakeResponse.java:30)
	at org.openqa.selenium.remote.ProtocolHandshake.lambda$createSession$0(ProtocolHandshake.java:126)
	at java.base/java.util.stream.ReferencePipeline$3$1.accept(ReferencePipeline.java:195)
	at java.base/java.util.Spliterators$ArraySpliterator.tryAdvance(Spliterators.java:958)
	at java.base/java.util.stream.ReferencePipeline.forEachWithCancel(ReferencePipeline.java:127)
	at java.base/java.util.stream.AbstractPipeline.copyIntoWithCancel(AbstractPipeline.java:502)
	at java.base/java.util.stream.AbstractPipeline.copyInto(AbstractPipeline.java:488)
	at java.base/java.util.stream.AbstractPipeline.wrapAndCopyInto(AbstractPipeline.java:474)
	at java.base/java.util.stream.FindOps$FindOp.evaluateSequential(FindOps.java:150)
	at java.base/java.util.stream.AbstractPipeline.evaluate(AbstractPipeline.java:234)
	at java.base/java.util.stream.ReferencePipeline.findFirst(ReferencePipeline.java:543)
	at org.openqa.selenium.remote.ProtocolHandshake.createSession(ProtocolHandshake.java:128)
	at org.openqa.selenium.remote.ProtocolHandshake.createSession(ProtocolHandshake.java:74)
	at org.openqa.selenium.remote.HttpCommandExecutor.execute(HttpCommandExecutor.java:136)
	at org.openqa.selenium.remote.service.DriverCommandExecutor.execute(DriverCommandExecutor.java:83)
	at org.openqa.selenium.remote.RemoteWebDriver.execute(RemoteWebDriver.java:552)
	at org.openqa.selenium.remote.RemoteWebDriver.startSession(RemoteWebDriver.java:213)
	at org.openqa.selenium.remote.RemoteWebDriver.<init>(RemoteWebDriver.java:131)
	at org.openqa.selenium.edge.EdgeDriver.<init>(EdgeDriver.java:141)
	at org.openqa.selenium.edge.EdgeDriver.<init>(EdgeDriver.java:96)
	at vbDumplingTestRunners.initializeDriver.testSetup(initializeDriver.java:24)
	at vbDumplingTestRunners.testHomePage.initDriver(testHomePage.java:34)
	at java.base/jdk.internal.reflect.NativeMethodAccessorImpl.invoke0(Native Method)
	at java.base/jdk.internal.reflect.NativeMethodAccessorImpl.invoke(NativeMethodAccessorImpl.java:62)
	at java.base/jdk.internal.reflect.DelegatingMethodAccessorImpl.invoke(DelegatingMethodAccessorImpl.java:43)
	at java.base/java.lang.reflect.Method.invoke(Method.java:566)
	at org.testng.internal.MethodInvocationHelper.invokeMethod(MethodInvocationHelper.java:80)
	at org.testng.internal.Invoker.invokeConfigurationMethod(Invoker.java:564)
	at org.testng.internal.Invoker.invokeConfigurations(Invoker.java:213)
	at org.testng.internal.Invoker.invokeConfigurations(Invoker.java:138)
	at org.testng.internal.TestMethodWorker.invokeBeforeClassMethods(TestMethodWorker.java:175)
	at org.testng.internal.TestMethodWorker.run(TestMethodWorker.java:107)
	at org.testng.TestRunner.privateRun(TestRunner.java:767)
	at org.testng.TestRunner.run(TestRunner.java:617)
	at org.testng.SuiteRunner.runTest(SuiteRunner.java:334)
	at org.testng.SuiteRunner.runSequentially(SuiteRunner.java:329)
	at org.testng.SuiteRunner.privateRun(SuiteRunner.java:291)
	at org.testng.SuiteRunner.run(SuiteRunner.java:240)
	at org.testng.SuiteRunnerWorker.runSuite(SuiteRunnerWorker.java:52)
	at org.testng.SuiteRunnerWorker.run(SuiteRunnerWorker.java:86)
	at org.testng.TestNG.runSuitesSequentially(TestNG.java:1198)
	at org.testng.TestNG.runSuitesLocally(TestNG.java:1123)
	at org.testng.TestNG.run(TestNG.java:1031)
	at org.testng.remote.AbstractRemoteTestNG.run(AbstractRemoteTestNG.java:115)
	at org.testng.remote.RemoteTestNG.initAndRun(RemoteTestNG.java:251)
	at org.testng.remote.RemoteTestNG.main(RemoteTestNG.java:77)
]]>
    </failure>
  </testcase> <!-- checkMenuTestimonialsLink -->
  <testcase classname="vbDumplingTestRunners.testHomePage" name="checkHomePageLink" time="1.051"/>
  <testcase classname="vbDumplingTestRunners.testHomePage" name="checkLHSHeaderText" time="0.000">
    <failure message="unknown error: MSEdge failed to start: exited normally.
  (unknown error: DevToolsActivePort file doesn&#039;t exist)
  (The process started from msedge location C:\Program Files (x86)\Microsoft\Edge\Application\msedge.exe is no longer running, so MSEdgeDriver is assuming that MSEdge has crashed.)
Build info: version: &#039;3.141.59&#039;, revision: &#039;e82be7d358&#039;, time: &#039;2018-11-14T08:17:03&#039;
System info: host: &#039;RAHUL-LAPTOP&#039;, ip: &#039;192.168.0.105&#039;, os.name: &#039;Windows 10&#039;, os.arch: &#039;amd64&#039;, os.version: &#039;10.0&#039;, java.version: &#039;11.0.10&#039;
Driver info: driver.version: initializeDriver
remote stacktrace: Backtrace:
	Ordinal0 [0x00007FF6F84D5CB2+4676786]
	Ordinal0 [0x00007FF6F817D677+1169015]
	Ordinal0 [0x00007FF6F81A4346+1327942]
	Ordinal0 [0x00007FF6F819BE29+1293865]
	Ordinal0 [0x00007FF6F81D373B+1521467]
	Ordinal0 [0x00007FF6F81CF2BF+1503935]
	Ordinal0 [0x00007FF6F81A8061+1343585]
	Ordinal0 [0x00007FF6F81A918B+1347979]
	Ordinal0 [0x00007FF6F8250121+2031905]
	Ordinal0 [0x00007FF6F821C73E+1820478]
	Ordinal0 [0x00007FF6F83F3224+3748388]
	Ordinal0 [0x00007FF6F821D10E+1822990]
	Ordinal0 [0x00007FF6F84E8874+4753524]
	Ordinal0 [0x00007FF6F84E8174+4751732]
	Ordinal0 [0x00007FF6F84E7FBA+4751290]
	Ordinal0 [0x00007FF6F84BFFD8+4587480]
	BaseThreadInitThunk [0x00007FFEE4257034+20]
	RtlUserThreadStart [0x00007FFEE54DD0D1+33]
" type="org.openqa.selenium.WebDriverException">
      <![CDATA[org.openqa.selenium.WebDriverException: unknown error: MSEdge failed to start: exited normally.
  (unknown error: DevToolsActivePort file doesn't exist)
  (The process started from msedge location C:\Program Files (x86)\Microsoft\Edge\Application\msedge.exe is no longer running, so MSEdgeDriver is assuming that MSEdge has crashed.)
Build info: version: '3.141.59', revision: 'e82be7d358', time: '2018-11-14T08:17:03'
System info: host: 'RAHUL-LAPTOP', ip: '192.168.0.105', os.name: 'Windows 10', os.arch: 'amd64', os.version: '10.0', java.version: '11.0.10'
Driver info: driver.version: initializeDriver
remote stacktrace: Backtrace:
	Ordinal0 [0x00007FF6F84D5CB2+4676786]
	Ordinal0 [0x00007FF6F817D677+1169015]
	Ordinal0 [0x00007FF6F81A4346+1327942]
	Ordinal0 [0x00007FF6F819BE29+1293865]
	Ordinal0 [0x00007FF6F81D373B+1521467]
	Ordinal0 [0x00007FF6F81CF2BF+1503935]
	Ordinal0 [0x00007FF6F81A8061+1343585]
	Ordinal0 [0x00007FF6F81A918B+1347979]
	Ordinal0 [0x00007FF6F8250121+2031905]
	Ordinal0 [0x00007FF6F821C73E+1820478]
	Ordinal0 [0x00007FF6F83F3224+3748388]
	Ordinal0 [0x00007FF6F821D10E+1822990]
	Ordinal0 [0x00007FF6F84E8874+4753524]
	Ordinal0 [0x00007FF6F84E8174+4751732]
	Ordinal0 [0x00007FF6F84E7FBA+4751290]
	Ordinal0 [0x00007FF6F84BFFD8+4587480]
	BaseThreadInitThunk [0x00007FFEE4257034+20]
	RtlUserThreadStart [0x00007FFEE54DD0D1+33]

	at java.base/jdk.internal.reflect.NativeConstructorAccessorImpl.newInstance0(Native Method)
	at java.base/jdk.internal.reflect.NativeConstructorAccessorImpl.newInstance(NativeConstructorAccessorImpl.java:62)
	at java.base/jdk.internal.reflect.DelegatingConstructorAccessorImpl.newInstance(DelegatingConstructorAccessorImpl.java:45)
	at java.base/java.lang.reflect.Constructor.newInstance(Constructor.java:490)
	at org.openqa.selenium.remote.W3CHandshakeResponse.lambda$errorHandler$0(W3CHandshakeResponse.java:62)
	at org.openqa.selenium.remote.HandshakeResponse.lambda$getResponseFunction$0(HandshakeResponse.java:30)
	at org.openqa.selenium.remote.ProtocolHandshake.lambda$createSession$0(ProtocolHandshake.java:126)
	at java.base/java.util.stream.ReferencePipeline$3$1.accept(ReferencePipeline.java:195)
	at java.base/java.util.Spliterators$ArraySpliterator.tryAdvance(Spliterators.java:958)
	at java.base/java.util.stream.ReferencePipeline.forEachWithCancel(ReferencePipeline.java:127)
	at java.base/java.util.stream.AbstractPipeline.copyIntoWithCancel(AbstractPipeline.java:502)
	at java.base/java.util.stream.AbstractPipeline.copyInto(AbstractPipeline.java:488)
	at java.base/java.util.stream.AbstractPipeline.wrapAndCopyInto(AbstractPipeline.java:474)
	at java.base/java.util.stream.FindOps$FindOp.evaluateSequential(FindOps.java:150)
	at java.base/java.util.stream.AbstractPipeline.evaluate(AbstractPipeline.java:234)
	at java.base/java.util.stream.ReferencePipeline.findFirst(ReferencePipeline.java:543)
	at org.openqa.selenium.remote.ProtocolHandshake.createSession(ProtocolHandshake.java:128)
	at org.openqa.selenium.remote.ProtocolHandshake.createSession(ProtocolHandshake.java:74)
	at org.openqa.selenium.remote.HttpCommandExecutor.execute(HttpCommandExecutor.java:136)
	at org.openqa.selenium.remote.service.DriverCommandExecutor.execute(DriverCommandExecutor.java:83)
	at org.openqa.selenium.remote.RemoteWebDriver.execute(RemoteWebDriver.java:552)
	at org.openqa.selenium.remote.RemoteWebDriver.startSession(RemoteWebDriver.java:213)
	at org.openqa.selenium.remote.RemoteWebDriver.<init>(RemoteWebDriver.java:131)
	at org.openqa.selenium.edge.EdgeDriver.<init>(EdgeDriver.java:141)
	at org.openqa.selenium.edge.EdgeDriver.<init>(EdgeDriver.java:96)
	at vbDumplingTestRunners.initializeDriver.testSetup(initializeDriver.java:24)
	at vbDumplingTestRunners.testHomePage.initDriver(testHomePage.java:34)
	at java.base/jdk.internal.reflect.NativeMethodAccessorImpl.invoke0(Native Method)
	at java.base/jdk.internal.reflect.NativeMethodAccessorImpl.invoke(NativeMethodAccessorImpl.java:62)
	at java.base/jdk.internal.reflect.DelegatingMethodAccessorImpl.invoke(DelegatingMethodAccessorImpl.java:43)
	at java.base/java.lang.reflect.Method.invoke(Method.java:566)
	at org.testng.internal.MethodInvocationHelper.invokeMethod(MethodInvocationHelper.java:80)
	at org.testng.internal.Invoker.invokeConfigurationMethod(Invoker.java:564)
	at org.testng.internal.Invoker.invokeConfigurations(Invoker.java:213)
	at org.testng.internal.Invoker.invokeConfigurations(Invoker.java:138)
	at org.testng.internal.TestMethodWorker.invokeBeforeClassMethods(TestMethodWorker.java:175)
	at org.testng.internal.TestMethodWorker.run(TestMethodWorker.java:107)
	at org.testng.TestRunner.privateRun(TestRunner.java:767)
	at org.testng.TestRunner.run(TestRunner.java:617)
	at org.testng.SuiteRunner.runTest(SuiteRunner.java:334)
	at org.testng.SuiteRunner.runSequentially(SuiteRunner.java:329)
	at org.testng.SuiteRunner.privateRun(SuiteRunner.java:291)
	at org.testng.SuiteRunner.run(SuiteRunner.java:240)
	at org.testng.SuiteRunnerWorker.runSuite(SuiteRunnerWorker.java:52)
	at org.testng.SuiteRunnerWorker.run(SuiteRunnerWorker.java:86)
	at org.testng.TestNG.runSuitesSequentially(TestNG.java:1198)
	at org.testng.TestNG.runSuitesLocally(TestNG.java:1123)
	at org.testng.TestNG.run(TestNG.java:1031)
	at org.testng.remote.AbstractRemoteTestNG.run(AbstractRemoteTestNG.java:115)
	at org.testng.remote.RemoteTestNG.initAndRun(RemoteTestNG.java:251)
	at org.testng.remote.RemoteTestNG.main(RemoteTestNG.java:77)
]]>
    </failure>
  </testcase> <!-- checkLHSHeaderText -->
  <testcase classname="vbDumplingTestRunners.testHomePage" name="checkTitleText" time="0.287"/>
  <testcase classname="vbDumplingTestRunners.testHomePage" name="checkDescriptionText" time="0.000">
    <failure message="unknown error: MSEdge failed to start: exited normally.
  (unknown error: DevToolsActivePort file doesn&#039;t exist)
  (The process started from msedge location C:\Program Files (x86)\Microsoft\Edge\Application\msedge.exe is no longer running, so MSEdgeDriver is assuming that MSEdge has crashed.)
Build info: version: &#039;3.141.59&#039;, revision: &#039;e82be7d358&#039;, time: &#039;2018-11-14T08:17:03&#039;
System info: host: &#039;RAHUL-LAPTOP&#039;, ip: &#039;192.168.0.105&#039;, os.name: &#039;Windows 10&#039;, os.arch: &#039;amd64&#039;, os.version: &#039;10.0&#039;, java.version: &#039;11.0.10&#039;
Driver info: driver.version: initializeDriver
remote stacktrace: Backtrace:
	Ordinal0 [0x00007FF6F84D5CB2+4676786]
	Ordinal0 [0x00007FF6F817D677+1169015]
	Ordinal0 [0x00007FF6F81A4346+1327942]
	Ordinal0 [0x00007FF6F819BE29+1293865]
	Ordinal0 [0x00007FF6F81D373B+1521467]
	Ordinal0 [0x00007FF6F81CF2BF+1503935]
	Ordinal0 [0x00007FF6F81A8061+1343585]
	Ordinal0 [0x00007FF6F81A918B+1347979]
	Ordinal0 [0x00007FF6F8250121+2031905]
	Ordinal0 [0x00007FF6F821C73E+1820478]
	Ordinal0 [0x00007FF6F83F3224+3748388]
	Ordinal0 [0x00007FF6F821D10E+1822990]
	Ordinal0 [0x00007FF6F84E8874+4753524]
	Ordinal0 [0x00007FF6F84E8174+4751732]
	Ordinal0 [0x00007FF6F84E7FBA+4751290]
	Ordinal0 [0x00007FF6F84BFFD8+4587480]
	BaseThreadInitThunk [0x00007FFEE4257034+20]
	RtlUserThreadStart [0x00007FFEE54DD0D1+33]
" type="org.openqa.selenium.WebDriverException">
      <![CDATA[org.openqa.selenium.WebDriverException: unknown error: MSEdge failed to start: exited normally.
  (unknown error: DevToolsActivePort file doesn't exist)
  (The process started from msedge location C:\Program Files (x86)\Microsoft\Edge\Application\msedge.exe is no longer running, so MSEdgeDriver is assuming that MSEdge has crashed.)
Build info: version: '3.141.59', revision: 'e82be7d358', time: '2018-11-14T08:17:03'
System info: host: 'RAHUL-LAPTOP', ip: '192.168.0.105', os.name: 'Windows 10', os.arch: 'amd64', os.version: '10.0', java.version: '11.0.10'
Driver info: driver.version: initializeDriver
remote stacktrace: Backtrace:
	Ordinal0 [0x00007FF6F84D5CB2+4676786]
	Ordinal0 [0x00007FF6F817D677+1169015]
	Ordinal0 [0x00007FF6F81A4346+1327942]
	Ordinal0 [0x00007FF6F819BE29+1293865]
	Ordinal0 [0x00007FF6F81D373B+1521467]
	Ordinal0 [0x00007FF6F81CF2BF+1503935]
	Ordinal0 [0x00007FF6F81A8061+1343585]
	Ordinal0 [0x00007FF6F81A918B+1347979]
	Ordinal0 [0x00007FF6F8250121+2031905]
	Ordinal0 [0x00007FF6F821C73E+1820478]
	Ordinal0 [0x00007FF6F83F3224+3748388]
	Ordinal0 [0x00007FF6F821D10E+1822990]
	Ordinal0 [0x00007FF6F84E8874+4753524]
	Ordinal0 [0x00007FF6F84E8174+4751732]
	Ordinal0 [0x00007FF6F84E7FBA+4751290]
	Ordinal0 [0x00007FF6F84BFFD8+4587480]
	BaseThreadInitThunk [0x00007FFEE4257034+20]
	RtlUserThreadStart [0x00007FFEE54DD0D1+33]

	at java.base/jdk.internal.reflect.NativeConstructorAccessorImpl.newInstance0(Native Method)
	at java.base/jdk.internal.reflect.NativeConstructorAccessorImpl.newInstance(NativeConstructorAccessorImpl.java:62)
	at java.base/jdk.internal.reflect.DelegatingConstructorAccessorImpl.newInstance(DelegatingConstructorAccessorImpl.java:45)
	at java.base/java.lang.reflect.Constructor.newInstance(Constructor.java:490)
	at org.openqa.selenium.remote.W3CHandshakeResponse.lambda$errorHandler$0(W3CHandshakeResponse.java:62)
	at org.openqa.selenium.remote.HandshakeResponse.lambda$getResponseFunction$0(HandshakeResponse.java:30)
	at org.openqa.selenium.remote.ProtocolHandshake.lambda$createSession$0(ProtocolHandshake.java:126)
	at java.base/java.util.stream.ReferencePipeline$3$1.accept(ReferencePipeline.java:195)
	at java.base/java.util.Spliterators$ArraySpliterator.tryAdvance(Spliterators.java:958)
	at java.base/java.util.stream.ReferencePipeline.forEachWithCancel(ReferencePipeline.java:127)
	at java.base/java.util.stream.AbstractPipeline.copyIntoWithCancel(AbstractPipeline.java:502)
	at java.base/java.util.stream.AbstractPipeline.copyInto(AbstractPipeline.java:488)
	at java.base/java.util.stream.AbstractPipeline.wrapAndCopyInto(AbstractPipeline.java:474)
	at java.base/java.util.stream.FindOps$FindOp.evaluateSequential(FindOps.java:150)
	at java.base/java.util.stream.AbstractPipeline.evaluate(AbstractPipeline.java:234)
	at java.base/java.util.stream.ReferencePipeline.findFirst(ReferencePipeline.java:543)
	at org.openqa.selenium.remote.ProtocolHandshake.createSession(ProtocolHandshake.java:128)
	at org.openqa.selenium.remote.ProtocolHandshake.createSession(ProtocolHandshake.java:74)
	at org.openqa.selenium.remote.HttpCommandExecutor.execute(HttpCommandExecutor.java:136)
	at org.openqa.selenium.remote.service.DriverCommandExecutor.execute(DriverCommandExecutor.java:83)
	at org.openqa.selenium.remote.RemoteWebDriver.execute(RemoteWebDriver.java:552)
	at org.openqa.selenium.remote.RemoteWebDriver.startSession(RemoteWebDriver.java:213)
	at org.openqa.selenium.remote.RemoteWebDriver.<init>(RemoteWebDriver.java:131)
	at org.openqa.selenium.edge.EdgeDriver.<init>(EdgeDriver.java:141)
	at org.openqa.selenium.edge.EdgeDriver.<init>(EdgeDriver.java:96)
	at vbDumplingTestRunners.initializeDriver.testSetup(initializeDriver.java:24)
	at vbDumplingTestRunners.testHomePage.initDriver(testHomePage.java:34)
	at java.base/jdk.internal.reflect.NativeMethodAccessorImpl.invoke0(Native Method)
	at java.base/jdk.internal.reflect.NativeMethodAccessorImpl.invoke(NativeMethodAccessorImpl.java:62)
	at java.base/jdk.internal.reflect.DelegatingMethodAccessorImpl.invoke(DelegatingMethodAccessorImpl.java:43)
	at java.base/java.lang.reflect.Method.invoke(Method.java:566)
	at org.testng.internal.MethodInvocationHelper.invokeMethod(MethodInvocationHelper.java:80)
	at org.testng.internal.Invoker.invokeConfigurationMethod(Invoker.java:564)
	at org.testng.internal.Invoker.invokeConfigurations(Invoker.java:213)
	at org.testng.internal.Invoker.invokeConfigurations(Invoker.java:138)
	at org.testng.internal.TestMethodWorker.invokeBeforeClassMethods(TestMethodWorker.java:175)
	at org.testng.internal.TestMethodWorker.run(TestMethodWorker.java:107)
	at org.testng.TestRunner.privateRun(TestRunner.java:767)
	at org.testng.TestRunner.run(TestRunner.java:617)
	at org.testng.SuiteRunner.runTest(SuiteRunner.java:334)
	at org.testng.SuiteRunner.runSequentially(SuiteRunner.java:329)
	at org.testng.SuiteRunner.privateRun(SuiteRunner.java:291)
	at org.testng.SuiteRunner.run(SuiteRunner.java:240)
	at org.testng.SuiteRunnerWorker.runSuite(SuiteRunnerWorker.java:52)
	at org.testng.SuiteRunnerWorker.run(SuiteRunnerWorker.java:86)
	at org.testng.TestNG.runSuitesSequentially(TestNG.java:1198)
	at org.testng.TestNG.runSuitesLocally(TestNG.java:1123)
	at org.testng.TestNG.run(TestNG.java:1031)
	at org.testng.remote.AbstractRemoteTestNG.run(AbstractRemoteTestNG.java:115)
	at org.testng.remote.RemoteTestNG.initAndRun(RemoteTestNG.java:251)
	at org.testng.remote.RemoteTestNG.main(RemoteTestNG.java:77)
]]>
    </failure>
  </testcase> <!-- checkDescriptionText -->
  <testcase classname="vbDumplingTestRunners.testHomePage" name="checkMenuAboutLink" time="2.132"/>
  <testcase classname="vbDumplingTestRunners.testHomePage" name="checkMenuTestimonialsLink" time="1.479"/>
  <testcase classname="vbDumplingTestRunners.testHomePage" name="checkMenuHomeLink" time="1.273"/>
  <testcase classname="vbDumplingTestRunners.testHomePage" name="checkMenuOrderLink" time="0.000">
    <failure message="unknown error: MSEdge failed to start: exited normally.
  (unknown error: DevToolsActivePort file doesn&#039;t exist)
  (The process started from msedge location C:\Program Files (x86)\Microsoft\Edge\Application\msedge.exe is no longer running, so MSEdgeDriver is assuming that MSEdge has crashed.)
Build info: version: &#039;3.141.59&#039;, revision: &#039;e82be7d358&#039;, time: &#039;2018-11-14T08:17:03&#039;
System info: host: &#039;RAHUL-LAPTOP&#039;, ip: &#039;192.168.0.105&#039;, os.name: &#039;Windows 10&#039;, os.arch: &#039;amd64&#039;, os.version: &#039;10.0&#039;, java.version: &#039;11.0.10&#039;
Driver info: driver.version: initializeDriver
remote stacktrace: Backtrace:
	Ordinal0 [0x00007FF6F84D5CB2+4676786]
	Ordinal0 [0x00007FF6F817D677+1169015]
	Ordinal0 [0x00007FF6F81A4346+1327942]
	Ordinal0 [0x00007FF6F819BE29+1293865]
	Ordinal0 [0x00007FF6F81D373B+1521467]
	Ordinal0 [0x00007FF6F81CF2BF+1503935]
	Ordinal0 [0x00007FF6F81A8061+1343585]
	Ordinal0 [0x00007FF6F81A918B+1347979]
	Ordinal0 [0x00007FF6F8250121+2031905]
	Ordinal0 [0x00007FF6F821C73E+1820478]
	Ordinal0 [0x00007FF6F83F3224+3748388]
	Ordinal0 [0x00007FF6F821D10E+1822990]
	Ordinal0 [0x00007FF6F84E8874+4753524]
	Ordinal0 [0x00007FF6F84E8174+4751732]
	Ordinal0 [0x00007FF6F84E7FBA+4751290]
	Ordinal0 [0x00007FF6F84BFFD8+4587480]
	BaseThreadInitThunk [0x00007FFEE4257034+20]
	RtlUserThreadStart [0x00007FFEE54DD0D1+33]
" type="org.openqa.selenium.WebDriverException">
      <![CDATA[org.openqa.selenium.WebDriverException: unknown error: MSEdge failed to start: exited normally.
  (unknown error: DevToolsActivePort file doesn't exist)
  (The process started from msedge location C:\Program Files (x86)\Microsoft\Edge\Application\msedge.exe is no longer running, so MSEdgeDriver is assuming that MSEdge has crashed.)
Build info: version: '3.141.59', revision: 'e82be7d358', time: '2018-11-14T08:17:03'
System info: host: 'RAHUL-LAPTOP', ip: '192.168.0.105', os.name: 'Windows 10', os.arch: 'amd64', os.version: '10.0', java.version: '11.0.10'
Driver info: driver.version: initializeDriver
remote stacktrace: Backtrace:
	Ordinal0 [0x00007FF6F84D5CB2+4676786]
	Ordinal0 [0x00007FF6F817D677+1169015]
	Ordinal0 [0x00007FF6F81A4346+1327942]
	Ordinal0 [0x00007FF6F819BE29+1293865]
	Ordinal0 [0x00007FF6F81D373B+1521467]
	Ordinal0 [0x00007FF6F81CF2BF+1503935]
	Ordinal0 [0x00007FF6F81A8061+1343585]
	Ordinal0 [0x00007FF6F81A918B+1347979]
	Ordinal0 [0x00007FF6F8250121+2031905]
	Ordinal0 [0x00007FF6F821C73E+1820478]
	Ordinal0 [0x00007FF6F83F3224+3748388]
	Ordinal0 [0x00007FF6F821D10E+1822990]
	Ordinal0 [0x00007FF6F84E8874+4753524]
	Ordinal0 [0x00007FF6F84E8174+4751732]
	Ordinal0 [0x00007FF6F84E7FBA+4751290]
	Ordinal0 [0x00007FF6F84BFFD8+4587480]
	BaseThreadInitThunk [0x00007FFEE4257034+20]
	RtlUserThreadStart [0x00007FFEE54DD0D1+33]

	at java.base/jdk.internal.reflect.NativeConstructorAccessorImpl.newInstance0(Native Method)
	at java.base/jdk.internal.reflect.NativeConstructorAccessorImpl.newInstance(NativeConstructorAccessorImpl.java:62)
	at java.base/jdk.internal.reflect.DelegatingConstructorAccessorImpl.newInstance(DelegatingConstructorAccessorImpl.java:45)
	at java.base/java.lang.reflect.Constructor.newInstance(Constructor.java:490)
	at org.openqa.selenium.remote.W3CHandshakeResponse.lambda$errorHandler$0(W3CHandshakeResponse.java:62)
	at org.openqa.selenium.remote.HandshakeResponse.lambda$getResponseFunction$0(HandshakeResponse.java:30)
	at org.openqa.selenium.remote.ProtocolHandshake.lambda$createSession$0(ProtocolHandshake.java:126)
	at java.base/java.util.stream.ReferencePipeline$3$1.accept(ReferencePipeline.java:195)
	at java.base/java.util.Spliterators$ArraySpliterator.tryAdvance(Spliterators.java:958)
	at java.base/java.util.stream.ReferencePipeline.forEachWithCancel(ReferencePipeline.java:127)
	at java.base/java.util.stream.AbstractPipeline.copyIntoWithCancel(AbstractPipeline.java:502)
	at java.base/java.util.stream.AbstractPipeline.copyInto(AbstractPipeline.java:488)
	at java.base/java.util.stream.AbstractPipeline.wrapAndCopyInto(AbstractPipeline.java:474)
	at java.base/java.util.stream.FindOps$FindOp.evaluateSequential(FindOps.java:150)
	at java.base/java.util.stream.AbstractPipeline.evaluate(AbstractPipeline.java:234)
	at java.base/java.util.stream.ReferencePipeline.findFirst(ReferencePipeline.java:543)
	at org.openqa.selenium.remote.ProtocolHandshake.createSession(ProtocolHandshake.java:128)
	at org.openqa.selenium.remote.ProtocolHandshake.createSession(ProtocolHandshake.java:74)
	at org.openqa.selenium.remote.HttpCommandExecutor.execute(HttpCommandExecutor.java:136)
	at org.openqa.selenium.remote.service.DriverCommandExecutor.execute(DriverCommandExecutor.java:83)
	at org.openqa.selenium.remote.RemoteWebDriver.execute(RemoteWebDriver.java:552)
	at org.openqa.selenium.remote.RemoteWebDriver.startSession(RemoteWebDriver.java:213)
	at org.openqa.selenium.remote.RemoteWebDriver.<init>(RemoteWebDriver.java:131)
	at org.openqa.selenium.edge.EdgeDriver.<init>(EdgeDriver.java:141)
	at org.openqa.selenium.edge.EdgeDriver.<init>(EdgeDriver.java:96)
	at vbDumplingTestRunners.initializeDriver.testSetup(initializeDriver.java:24)
	at vbDumplingTestRunners.testHomePage.initDriver(testHomePage.java:34)
	at java.base/jdk.internal.reflect.NativeMethodAccessorImpl.invoke0(Native Method)
	at java.base/jdk.internal.reflect.NativeMethodAccessorImpl.invoke(NativeMethodAccessorImpl.java:62)
	at java.base/jdk.internal.reflect.DelegatingMethodAccessorImpl.invoke(DelegatingMethodAccessorImpl.java:43)
	at java.base/java.lang.reflect.Method.invoke(Method.java:566)
	at org.testng.internal.MethodInvocationHelper.invokeMethod(MethodInvocationHelper.java:80)
	at org.testng.internal.Invoker.invokeConfigurationMethod(Invoker.java:564)
	at org.testng.internal.Invoker.invokeConfigurations(Invoker.java:213)
	at org.testng.internal.Invoker.invokeConfigurations(Invoker.java:138)
	at org.testng.internal.TestMethodWorker.invokeBeforeClassMethods(TestMethodWorker.java:175)
	at org.testng.internal.TestMethodWorker.run(TestMethodWorker.java:107)
	at org.testng.TestRunner.privateRun(TestRunner.java:767)
	at org.testng.TestRunner.run(TestRunner.java:617)
	at org.testng.SuiteRunner.runTest(SuiteRunner.java:334)
	at org.testng.SuiteRunner.runSequentially(SuiteRunner.java:329)
	at org.testng.SuiteRunner.privateRun(SuiteRunner.java:291)
	at org.testng.SuiteRunner.run(SuiteRunner.java:240)
	at org.testng.SuiteRunnerWorker.runSuite(SuiteRunnerWorker.java:52)
	at org.testng.SuiteRunnerWorker.run(SuiteRunnerWorker.java:86)
	at org.testng.TestNG.runSuitesSequentially(TestNG.java:1198)
	at org.testng.TestNG.runSuitesLocally(TestNG.java:1123)
	at org.testng.TestNG.run(TestNG.java:1031)
	at org.testng.remote.AbstractRemoteTestNG.run(AbstractRemoteTestNG.java:115)
	at org.testng.remote.RemoteTestNG.initAndRun(RemoteTestNG.java:251)
	at org.testng.remote.RemoteTestNG.main(RemoteTestNG.java:77)
]]>
    </failure>
  </testcase> <!-- checkMenuOrderLink -->
  <testcase classname="vbDumplingTestRunners.testHomePage" name="checkMenuFAQLink" time="0.000">
    <failure message="unknown error: MSEdge failed to start: exited normally.
  (unknown error: DevToolsActivePort file doesn&#039;t exist)
  (The process started from msedge location C:\Program Files (x86)\Microsoft\Edge\Application\msedge.exe is no longer running, so MSEdgeDriver is assuming that MSEdge has crashed.)
Build info: version: &#039;3.141.59&#039;, revision: &#039;e82be7d358&#039;, time: &#039;2018-11-14T08:17:03&#039;
System info: host: &#039;RAHUL-LAPTOP&#039;, ip: &#039;192.168.0.105&#039;, os.name: &#039;Windows 10&#039;, os.arch: &#039;amd64&#039;, os.version: &#039;10.0&#039;, java.version: &#039;11.0.10&#039;
Driver info: driver.version: initializeDriver
remote stacktrace: Backtrace:
	Ordinal0 [0x00007FF6F84D5CB2+4676786]
	Ordinal0 [0x00007FF6F817D677+1169015]
	Ordinal0 [0x00007FF6F81A4346+1327942]
	Ordinal0 [0x00007FF6F819BE29+1293865]
	Ordinal0 [0x00007FF6F81D373B+1521467]
	Ordinal0 [0x00007FF6F81CF2BF+1503935]
	Ordinal0 [0x00007FF6F81A8061+1343585]
	Ordinal0 [0x00007FF6F81A918B+1347979]
	Ordinal0 [0x00007FF6F8250121+2031905]
	Ordinal0 [0x00007FF6F821C73E+1820478]
	Ordinal0 [0x00007FF6F83F3224+3748388]
	Ordinal0 [0x00007FF6F821D10E+1822990]
	Ordinal0 [0x00007FF6F84E8874+4753524]
	Ordinal0 [0x00007FF6F84E8174+4751732]
	Ordinal0 [0x00007FF6F84E7FBA+4751290]
	Ordinal0 [0x00007FF6F84BFFD8+4587480]
	BaseThreadInitThunk [0x00007FFEE4257034+20]
	RtlUserThreadStart [0x00007FFEE54DD0D1+33]
" type="org.openqa.selenium.WebDriverException">
      <![CDATA[org.openqa.selenium.WebDriverException: unknown error: MSEdge failed to start: exited normally.
  (unknown error: DevToolsActivePort file doesn't exist)
  (The process started from msedge location C:\Program Files (x86)\Microsoft\Edge\Application\msedge.exe is no longer running, so MSEdgeDriver is assuming that MSEdge has crashed.)
Build info: version: '3.141.59', revision: 'e82be7d358', time: '2018-11-14T08:17:03'
System info: host: 'RAHUL-LAPTOP', ip: '192.168.0.105', os.name: 'Windows 10', os.arch: 'amd64', os.version: '10.0', java.version: '11.0.10'
Driver info: driver.version: initializeDriver
remote stacktrace: Backtrace:
	Ordinal0 [0x00007FF6F84D5CB2+4676786]
	Ordinal0 [0x00007FF6F817D677+1169015]
	Ordinal0 [0x00007FF6F81A4346+1327942]
	Ordinal0 [0x00007FF6F819BE29+1293865]
	Ordinal0 [0x00007FF6F81D373B+1521467]
	Ordinal0 [0x00007FF6F81CF2BF+1503935]
	Ordinal0 [0x00007FF6F81A8061+1343585]
	Ordinal0 [0x00007FF6F81A918B+1347979]
	Ordinal0 [0x00007FF6F8250121+2031905]
	Ordinal0 [0x00007FF6F821C73E+1820478]
	Ordinal0 [0x00007FF6F83F3224+3748388]
	Ordinal0 [0x00007FF6F821D10E+1822990]
	Ordinal0 [0x00007FF6F84E8874+4753524]
	Ordinal0 [0x00007FF6F84E8174+4751732]
	Ordinal0 [0x00007FF6F84E7FBA+4751290]
	Ordinal0 [0x00007FF6F84BFFD8+4587480]
	BaseThreadInitThunk [0x00007FFEE4257034+20]
	RtlUserThreadStart [0x00007FFEE54DD0D1+33]

	at java.base/jdk.internal.reflect.NativeConstructorAccessorImpl.newInstance0(Native Method)
	at java.base/jdk.internal.reflect.NativeConstructorAccessorImpl.newInstance(NativeConstructorAccessorImpl.java:62)
	at java.base/jdk.internal.reflect.DelegatingConstructorAccessorImpl.newInstance(DelegatingConstructorAccessorImpl.java:45)
	at java.base/java.lang.reflect.Constructor.newInstance(Constructor.java:490)
	at org.openqa.selenium.remote.W3CHandshakeResponse.lambda$errorHandler$0(W3CHandshakeResponse.java:62)
	at org.openqa.selenium.remote.HandshakeResponse.lambda$getResponseFunction$0(HandshakeResponse.java:30)
	at org.openqa.selenium.remote.ProtocolHandshake.lambda$createSession$0(ProtocolHandshake.java:126)
	at java.base/java.util.stream.ReferencePipeline$3$1.accept(ReferencePipeline.java:195)
	at java.base/java.util.Spliterators$ArraySpliterator.tryAdvance(Spliterators.java:958)
	at java.base/java.util.stream.ReferencePipeline.forEachWithCancel(ReferencePipeline.java:127)
	at java.base/java.util.stream.AbstractPipeline.copyIntoWithCancel(AbstractPipeline.java:502)
	at java.base/java.util.stream.AbstractPipeline.copyInto(AbstractPipeline.java:488)
	at java.base/java.util.stream.AbstractPipeline.wrapAndCopyInto(AbstractPipeline.java:474)
	at java.base/java.util.stream.FindOps$FindOp.evaluateSequential(FindOps.java:150)
	at java.base/java.util.stream.AbstractPipeline.evaluate(AbstractPipeline.java:234)
	at java.base/java.util.stream.ReferencePipeline.findFirst(ReferencePipeline.java:543)
	at org.openqa.selenium.remote.ProtocolHandshake.createSession(ProtocolHandshake.java:128)
	at org.openqa.selenium.remote.ProtocolHandshake.createSession(ProtocolHandshake.java:74)
	at org.openqa.selenium.remote.HttpCommandExecutor.execute(HttpCommandExecutor.java:136)
	at org.openqa.selenium.remote.service.DriverCommandExecutor.execute(DriverCommandExecutor.java:83)
	at org.openqa.selenium.remote.RemoteWebDriver.execute(RemoteWebDriver.java:552)
	at org.openqa.selenium.remote.RemoteWebDriver.startSession(RemoteWebDriver.java:213)
	at org.openqa.selenium.remote.RemoteWebDriver.<init>(RemoteWebDriver.java:131)
	at org.openqa.selenium.edge.EdgeDriver.<init>(EdgeDriver.java:141)
	at org.openqa.selenium.edge.EdgeDriver.<init>(EdgeDriver.java:96)
	at vbDumplingTestRunners.initializeDriver.testSetup(initializeDriver.java:24)
	at vbDumplingTestRunners.testHomePage.initDriver(testHomePage.java:34)
	at java.base/jdk.internal.reflect.NativeMethodAccessorImpl.invoke0(Native Method)
	at java.base/jdk.internal.reflect.NativeMethodAccessorImpl.invoke(NativeMethodAccessorImpl.java:62)
	at java.base/jdk.internal.reflect.DelegatingMethodAccessorImpl.invoke(DelegatingMethodAccessorImpl.java:43)
	at java.base/java.lang.reflect.Method.invoke(Method.java:566)
	at org.testng.internal.MethodInvocationHelper.invokeMethod(MethodInvocationHelper.java:80)
	at org.testng.internal.Invoker.invokeConfigurationMethod(Invoker.java:564)
	at org.testng.internal.Invoker.invokeConfigurations(Invoker.java:213)
	at org.testng.internal.Invoker.invokeConfigurations(Invoker.java:138)
	at org.testng.internal.TestMethodWorker.invokeBeforeClassMethods(TestMethodWorker.java:175)
	at org.testng.internal.TestMethodWorker.run(TestMethodWorker.java:107)
	at org.testng.TestRunner.privateRun(TestRunner.java:767)
	at org.testng.TestRunner.run(TestRunner.java:617)
	at org.testng.SuiteRunner.runTest(SuiteRunner.java:334)
	at org.testng.SuiteRunner.runSequentially(SuiteRunner.java:329)
	at org.testng.SuiteRunner.privateRun(SuiteRunner.java:291)
	at org.testng.SuiteRunner.run(SuiteRunner.java:240)
	at org.testng.SuiteRunnerWorker.runSuite(SuiteRunnerWorker.java:52)
	at org.testng.SuiteRunnerWorker.run(SuiteRunnerWorker.java:86)
	at org.testng.TestNG.runSuitesSequentially(TestNG.java:1198)
	at org.testng.TestNG.runSuitesLocally(TestNG.java:1123)
	at org.testng.TestNG.run(TestNG.java:1031)
	at org.testng.remote.AbstractRemoteTestNG.run(AbstractRemoteTestNG.java:115)
	at org.testng.remote.RemoteTestNG.initAndRun(RemoteTestNG.java:251)
	at org.testng.remote.RemoteTestNG.main(RemoteTestNG.java:77)
]]>
    </failure>
  </testcase> <!-- checkMenuFAQLink -->
  <testcase classname="vbDumplingTestRunners.testHomePage" name="checkDescriptionText" time="0.075"/>
  <testcase classname="vbDumplingTestRunners.testHomePage" name="checkBodyOrderNowLink" time="4.452"/>
  <testcase classname="vbDumplingTestRunners.testHomePage" name="checkMenuMenuLink" time="0.001">
    <failure message="unknown error: MSEdge failed to start: exited normally.
  (unknown error: DevToolsActivePort file doesn&#039;t exist)
  (The process started from msedge location C:\Program Files (x86)\Microsoft\Edge\Application\msedge.exe is no longer running, so MSEdgeDriver is assuming that MSEdge has crashed.)
Build info: version: &#039;3.141.59&#039;, revision: &#039;e82be7d358&#039;, time: &#039;2018-11-14T08:17:03&#039;
System info: host: &#039;RAHUL-LAPTOP&#039;, ip: &#039;192.168.0.105&#039;, os.name: &#039;Windows 10&#039;, os.arch: &#039;amd64&#039;, os.version: &#039;10.0&#039;, java.version: &#039;11.0.10&#039;
Driver info: driver.version: initializeDriver
remote stacktrace: Backtrace:
	Ordinal0 [0x00007FF6F84D5CB2+4676786]
	Ordinal0 [0x00007FF6F817D677+1169015]
	Ordinal0 [0x00007FF6F81A4346+1327942]
	Ordinal0 [0x00007FF6F819BE29+1293865]
	Ordinal0 [0x00007FF6F81D373B+1521467]
	Ordinal0 [0x00007FF6F81CF2BF+1503935]
	Ordinal0 [0x00007FF6F81A8061+1343585]
	Ordinal0 [0x00007FF6F81A918B+1347979]
	Ordinal0 [0x00007FF6F8250121+2031905]
	Ordinal0 [0x00007FF6F821C73E+1820478]
	Ordinal0 [0x00007FF6F83F3224+3748388]
	Ordinal0 [0x00007FF6F821D10E+1822990]
	Ordinal0 [0x00007FF6F84E8874+4753524]
	Ordinal0 [0x00007FF6F84E8174+4751732]
	Ordinal0 [0x00007FF6F84E7FBA+4751290]
	Ordinal0 [0x00007FF6F84BFFD8+4587480]
	BaseThreadInitThunk [0x00007FFEE4257034+20]
	RtlUserThreadStart [0x00007FFEE54DD0D1+33]
" type="org.openqa.selenium.WebDriverException">
      <![CDATA[org.openqa.selenium.WebDriverException: unknown error: MSEdge failed to start: exited normally.
  (unknown error: DevToolsActivePort file doesn't exist)
  (The process started from msedge location C:\Program Files (x86)\Microsoft\Edge\Application\msedge.exe is no longer running, so MSEdgeDriver is assuming that MSEdge has crashed.)
Build info: version: '3.141.59', revision: 'e82be7d358', time: '2018-11-14T08:17:03'
System info: host: 'RAHUL-LAPTOP', ip: '192.168.0.105', os.name: 'Windows 10', os.arch: 'amd64', os.version: '10.0', java.version: '11.0.10'
Driver info: driver.version: initializeDriver
remote stacktrace: Backtrace:
	Ordinal0 [0x00007FF6F84D5CB2+4676786]
	Ordinal0 [0x00007FF6F817D677+1169015]
	Ordinal0 [0x00007FF6F81A4346+1327942]
	Ordinal0 [0x00007FF6F819BE29+1293865]
	Ordinal0 [0x00007FF6F81D373B+1521467]
	Ordinal0 [0x00007FF6F81CF2BF+1503935]
	Ordinal0 [0x00007FF6F81A8061+1343585]
	Ordinal0 [0x00007FF6F81A918B+1347979]
	Ordinal0 [0x00007FF6F8250121+2031905]
	Ordinal0 [0x00007FF6F821C73E+1820478]
	Ordinal0 [0x00007FF6F83F3224+3748388]
	Ordinal0 [0x00007FF6F821D10E+1822990]
	Ordinal0 [0x00007FF6F84E8874+4753524]
	Ordinal0 [0x00007FF6F84E8174+4751732]
	Ordinal0 [0x00007FF6F84E7FBA+4751290]
	Ordinal0 [0x00007FF6F84BFFD8+4587480]
	BaseThreadInitThunk [0x00007FFEE4257034+20]
	RtlUserThreadStart [0x00007FFEE54DD0D1+33]

	at java.base/jdk.internal.reflect.NativeConstructorAccessorImpl.newInstance0(Native Method)
	at java.base/jdk.internal.reflect.NativeConstructorAccessorImpl.newInstance(NativeConstructorAccessorImpl.java:62)
	at java.base/jdk.internal.reflect.DelegatingConstructorAccessorImpl.newInstance(DelegatingConstructorAccessorImpl.java:45)
	at java.base/java.lang.reflect.Constructor.newInstance(Constructor.java:490)
	at org.openqa.selenium.remote.W3CHandshakeResponse.lambda$errorHandler$0(W3CHandshakeResponse.java:62)
	at org.openqa.selenium.remote.HandshakeResponse.lambda$getResponseFunction$0(HandshakeResponse.java:30)
	at org.openqa.selenium.remote.ProtocolHandshake.lambda$createSession$0(ProtocolHandshake.java:126)
	at java.base/java.util.stream.ReferencePipeline$3$1.accept(ReferencePipeline.java:195)
	at java.base/java.util.Spliterators$ArraySpliterator.tryAdvance(Spliterators.java:958)
	at java.base/java.util.stream.ReferencePipeline.forEachWithCancel(ReferencePipeline.java:127)
	at java.base/java.util.stream.AbstractPipeline.copyIntoWithCancel(AbstractPipeline.java:502)
	at java.base/java.util.stream.AbstractPipeline.copyInto(AbstractPipeline.java:488)
	at java.base/java.util.stream.AbstractPipeline.wrapAndCopyInto(AbstractPipeline.java:474)
	at java.base/java.util.stream.FindOps$FindOp.evaluateSequential(FindOps.java:150)
	at java.base/java.util.stream.AbstractPipeline.evaluate(AbstractPipeline.java:234)
	at java.base/java.util.stream.ReferencePipeline.findFirst(ReferencePipeline.java:543)
	at org.openqa.selenium.remote.ProtocolHandshake.createSession(ProtocolHandshake.java:128)
	at org.openqa.selenium.remote.ProtocolHandshake.createSession(ProtocolHandshake.java:74)
	at org.openqa.selenium.remote.HttpCommandExecutor.execute(HttpCommandExecutor.java:136)
	at org.openqa.selenium.remote.service.DriverCommandExecutor.execute(DriverCommandExecutor.java:83)
	at org.openqa.selenium.remote.RemoteWebDriver.execute(RemoteWebDriver.java:552)
	at org.openqa.selenium.remote.RemoteWebDriver.startSession(RemoteWebDriver.java:213)
	at org.openqa.selenium.remote.RemoteWebDriver.<init>(RemoteWebDriver.java:131)
	at org.openqa.selenium.edge.EdgeDriver.<init>(EdgeDriver.java:141)
	at org.openqa.selenium.edge.EdgeDriver.<init>(EdgeDriver.java:96)
	at vbDumplingTestRunners.initializeDriver.testSetup(initializeDriver.java:24)
	at vbDumplingTestRunners.testHomePage.initDriver(testHomePage.java:34)
	at java.base/jdk.internal.reflect.NativeMethodAccessorImpl.invoke0(Native Method)
	at java.base/jdk.internal.reflect.NativeMethodAccessorImpl.invoke(NativeMethodAccessorImpl.java:62)
	at java.base/jdk.internal.reflect.DelegatingMethodAccessorImpl.invoke(DelegatingMethodAccessorImpl.java:43)
	at java.base/java.lang.reflect.Method.invoke(Method.java:566)
	at org.testng.internal.MethodInvocationHelper.invokeMethod(MethodInvocationHelper.java:80)
	at org.testng.internal.Invoker.invokeConfigurationMethod(Invoker.java:564)
	at org.testng.internal.Invoker.invokeConfigurations(Invoker.java:213)
	at org.testng.internal.Invoker.invokeConfigurations(Invoker.java:138)
	at org.testng.internal.TestMethodWorker.invokeBeforeClassMethods(TestMethodWorker.java:175)
	at org.testng.internal.TestMethodWorker.run(TestMethodWorker.java:107)
	at org.testng.TestRunner.privateRun(TestRunner.java:767)
	at org.testng.TestRunner.run(TestRunner.java:617)
	at org.testng.SuiteRunner.runTest(SuiteRunner.java:334)
	at org.testng.SuiteRunner.runSequentially(SuiteRunner.java:329)
	at org.testng.SuiteRunner.privateRun(SuiteRunner.java:291)
	at org.testng.SuiteRunner.run(SuiteRunner.java:240)
	at org.testng.SuiteRunnerWorker.runSuite(SuiteRunnerWorker.java:52)
	at org.testng.SuiteRunnerWorker.run(SuiteRunnerWorker.java:86)
	at org.testng.TestNG.runSuitesSequentially(TestNG.java:1198)
	at org.testng.TestNG.runSuitesLocally(TestNG.java:1123)
	at org.testng.TestNG.run(TestNG.java:1031)
	at org.testng.remote.AbstractRemoteTestNG.run(AbstractRemoteTestNG.java:115)
	at org.testng.remote.RemoteTestNG.initAndRun(RemoteTestNG.java:251)
	at org.testng.remote.RemoteTestNG.main(RemoteTestNG.java:77)
]]>
    </failure>
  </testcase> <!-- checkMenuMenuLink -->
</testsuite> <!-- vbDumplingTestRunners.testHomePage -->
