<?xml version="1.0" encoding="UTF-8"?>
<!-- Generated by org.testng.reporters.JUnitXMLReporter -->
<testsuite hostname="RAHUL-LAPTOP" failures="0" tests="22" name="EdgeTest" time="204.233" errors="0" timestamp="18 May 2021 10:39:27 GMT">
  <testcase classname="vbDumplingTestRunners.testHomePage" name="@BeforeClass initDriver" time="0.0">
    <failure type="org.openqa.selenium.WebDriverException" message="unknown error: MSEdge failed to start: exited normally.
  (unknown error: DevToolsActivePort file doesn&amp;apos;t exist)
  (The process started from msedge location C:\Program Files (x86)\Microsoft\Edge\Application\msedge.exe is no longer running, so MSEdgeDriver is assuming that MSEdge has crashed.)
Build info: version: &amp;apos;3.141.59&amp;apos;, revision: &amp;apos;e82be7d358&amp;apos;, time: &amp;apos;2018-11-14T08:17:03&amp;apos;
System info: host: &amp;apos;RAHUL-LAPTOP&amp;apos;, ip: &amp;apos;192.168.0.105&amp;apos;, os.name: &amp;apos;Windows 10&amp;apos;, os.arch: &amp;apos;amd64&amp;apos;, os.version: &amp;apos;10.0&amp;apos;, java.version: &amp;apos;11.0.10&amp;apos;
Driver info: driver.version: initializeDriver
remote stacktrace: Backtrace:
	Ordinal0 [0x00007FF74D745CB2+4676786]
	Ordinal0 [0x00007FF74D3ED677+1169015]
	Ordinal0 [0x00007FF74D414346+1327942]
	Ordinal0 [0x00007FF74D40BE29+1293865]
	Ordinal0 [0x00007FF74D44373B+1521467]
	Ordinal0 [0x00007FF74D43F2BF+1503935]
	Ordinal0 [0x00007FF74D418061+1343585]
	Ordinal0 [0x00007FF74D41918B+1347979]
	Ordinal0 [0x00007FF74D4C0121+2031905]
	Ordinal0 [0x00007FF74D48C73E+1820478]
	Ordinal0 [0x00007FF74D663224+3748388]
	Ordinal0 [0x00007FF74D48D10E+1822990]
	Ordinal0 [0x00007FF74D758874+4753524]
	Ordinal0 [0x00007FF74D758174+4751732]
	Ordinal0 [0x00007FF74D757FBA+4751290]
	Ordinal0 [0x00007FF74D72FFD8+4587480]
	BaseThreadInitThunk [0x00007FFEE4257034+20]
	RtlUserThreadStart [0x00007FFEE54DD0D1+33]
">
      <![CDATA[org.openqa.selenium.WebDriverException: unknown error: MSEdge failed to start: exited normally.
  (unknown error: DevToolsActivePort file doesn't exist)
  (The process started from msedge location C:\Program Files (x86)\Microsoft\Edge\Application\msedge.exe is no longer running, so MSEdgeDriver is assuming that MSEdge has crashed.)
Build info: version: '3.141.59', revision: 'e82be7d358', time: '2018-11-14T08:17:03'
System info: host: 'RAHUL-LAPTOP', ip: '192.168.0.105', os.name: 'Windows 10', os.arch: 'amd64', os.version: '10.0', java.version: '11.0.10'
Driver info: driver.version: initializeDriver
remote stacktrace: Backtrace:
	Ordinal0 [0x00007FF74D745CB2+4676786]
	Ordinal0 [0x00007FF74D3ED677+1169015]
	Ordinal0 [0x00007FF74D414346+1327942]
	Ordinal0 [0x00007FF74D40BE29+1293865]
	Ordinal0 [0x00007FF74D44373B+1521467]
	Ordinal0 [0x00007FF74D43F2BF+1503935]
	Ordinal0 [0x00007FF74D418061+1343585]
	Ordinal0 [0x00007FF74D41918B+1347979]
	Ordinal0 [0x00007FF74D4C0121+2031905]
	Ordinal0 [0x00007FF74D48C73E+1820478]
	Ordinal0 [0x00007FF74D663224+3748388]
	Ordinal0 [0x00007FF74D48D10E+1822990]
	Ordinal0 [0x00007FF74D758874+4753524]
	Ordinal0 [0x00007FF74D758174+4751732]
	Ordinal0 [0x00007FF74D757FBA+4751290]
	Ordinal0 [0x00007FF74D72FFD8+4587480]
	BaseThreadInitThunk [0x00007FFEE4257034+20]
	RtlUserThreadStart [0x00007FFEE54DD0D1+33]

	at org.openqa.selenium.remote.W3CHandshakeResponse.lambda$errorHandler$0(W3CHandshakeResponse.java:62)
	at org.openqa.selenium.remote.HandshakeResponse.lambda$getResponseFunction$0(HandshakeResponse.java:30)
	at org.openqa.selenium.remote.ProtocolHandshake.lambda$createSession$0(ProtocolHandshake.java:126)
	at java.base/java.util.stream.ReferencePipeline$3$1.accept(ReferencePipeline.java:195)
	at java.base/java.util.Spliterators$ArraySpliterator.tryAdvance(Spliterators.java:958)
	at java.base/java.util.stream.ReferencePipeline.forEachWithCancel(ReferencePipeline.java:127)
	at java.base/java.util.stream.AbstractPipeline.copyIntoWithCancel(AbstractPipeline.java:502)
	at java.base/java.util.stream.AbstractPipeline.copyInto(AbstractPipeline.java:488)
	at java.base/java.util.stream.AbstractPipeline.wrapAndCopyInto(AbstractPipeline.java:474)
	at java.base/java.util.stream.FindOps$FindOp.evaluateSequential(FindOps.java:150)
	at java.base/java.util.stream.AbstractPipeline.evaluate(AbstractPipeline.java:234)
	at java.base/java.util.stream.ReferencePipeline.findFirst(ReferencePipeline.java:543)
	at org.openqa.selenium.remote.ProtocolHandshake.createSession(ProtocolHandshake.java:128)
	at org.openqa.selenium.remote.ProtocolHandshake.createSession(ProtocolHandshake.java:74)
	at org.openqa.selenium.remote.HttpCommandExecutor.execute(HttpCommandExecutor.java:136)
	at org.openqa.selenium.remote.service.DriverCommandExecutor.execute(DriverCommandExecutor.java:83)
	at org.openqa.selenium.remote.RemoteWebDriver.execute(RemoteWebDriver.java:552)
	at org.openqa.selenium.remote.RemoteWebDriver.startSession(RemoteWebDriver.java:213)
	at org.openqa.selenium.remote.RemoteWebDriver.<init>(RemoteWebDriver.java:131)
	at org.openqa.selenium.edge.EdgeDriver.<init>(EdgeDriver.java:141)
	at org.openqa.selenium.edge.EdgeDriver.<init>(EdgeDriver.java:96)
	at vbDumplingTestRunners.initializeDriver.testSetup(initializeDriver.java:24)
	at vbDumplingTestRunners.testHomePage.initDriver(testHomePage.java:34)
... Removed 28 stack frames]]>
    </failure>
  </testcase> <!-- @BeforeClass initDriver -->
  <testcase classname="vbDumplingTestRunners.testHomePage" name="@AfterClass testClose" time="0.0">
    <skipped/>
  </testcase> <!-- @AfterClass testClose -->
  <testcase classname="vbDumplingTestRunners.testHomePage" name="checkTitleText" time="0.001">
    <skipped/>
  </testcase> <!-- checkTitleText -->
  <testcase classname="vbDumplingTestRunners.testHomePage" name="checkDescriptionText" time="0.0">
    <skipped/>
  </testcase> <!-- checkDescriptionText -->
  <testcase classname="vbDumplingTestRunners.testHomePage" name="checkHomePageLink" time="0.0">
    <skipped/>
  </testcase> <!-- checkHomePageLink -->
  <testcase classname="vbDumplingTestRunners.testHomePage" name="checkLHSHeaderText" time="0.0">
    <skipped/>
  </testcase> <!-- checkLHSHeaderText -->
  <testcase classname="vbDumplingTestRunners.testHomePage" name="checkMenuHomeLink" time="0.001">
    <skipped/>
  </testcase> <!-- checkMenuHomeLink -->
  <testcase classname="vbDumplingTestRunners.testHomePage" name="checkMenuMenuLink" time="0.0">
    <skipped/>
  </testcase> <!-- checkMenuMenuLink -->
  <testcase classname="vbDumplingTestRunners.testHomePage" name="checkMenuFAQLink" time="0.0">
    <skipped/>
  </testcase> <!-- checkMenuFAQLink -->
  <testcase classname="vbDumplingTestRunners.testHomePage" name="checkMenuTestimonialsLink" time="0.001">
    <skipped/>
  </testcase> <!-- checkMenuTestimonialsLink -->
  <testcase classname="vbDumplingTestRunners.testHomePage" name="checkMenuOrderLink" time="0.001">
    <skipped/>
  </testcase> <!-- checkMenuOrderLink -->
  <testcase classname="vbDumplingTestRunners.testHomePage" name="checkMenuAboutLink" time="0.0">
    <skipped/>
  </testcase> <!-- checkMenuAboutLink -->
  <testcase classname="vbDumplingTestRunners.testHomePage" name="checkBodyOrderNowLink" time="0.0">
    <skipped/>
  </testcase> <!-- checkBodyOrderNowLink -->
  <testcase classname="vbDumplingTestRunners.testMenuPage" name="checkLHSHeaderText" time="0.162"/>
  <testcase classname="vbDumplingTestRunners.testMenuPage" name="checkMenuCategoryOneText" time="0.087"/>
  <testcase classname="vbDumplingTestRunners.testMenuPage" name="checkMenuCategoryTwoText" time="0.064"/>
  <testcase classname="vbDumplingTestRunners.testMenuPage" name="checkMenuItemNames" time="0.354"/>
  <testcase classname="vbDumplingTestRunners.testMenuPage" name="checkMenuItemPrices" time="0.359"/>
  <testcase classname="vbDumplingTestRunners.testFaqPage" name="checkFaqPageLHSHeaderText" time="0.074"/>
  <testcase classname="vbDumplingTestRunners.testFaqPage" name="checkFaqPageContentHeaderText" time="0.063"/>
  <testcase classname="vbDumplingTestRunners.testFaqPage" name="checkFaqPageQuestions" time="0.422"/>
  <testcase classname="vbDumplingTestRunners.testFaqPage" name="clickAllFaqPageQuestionsExpand" time="1.472"/>
  <testcase classname="vbDumplingTestRunners.testFaqPage" name="checkOrderFormLink" time="15.46"/>
  <testcase classname="vbDumplingTestRunners.testFaqPage" name="clickAllFaqPageQuestionsCollapse" time="2.388"/>
</testsuite> <!-- EdgeTest -->
